Args in experiment:
Namespace(accumulation_steps=2, activation='gelu', affine=0, batch_size=23, c_out=7, checkpoints='./checkpoints/', compress_len=10, d_ff=204, d_layers=1, d_model=128, data='custom', data_path='electricity.csv', dec_in=7, decomposition=0, des='Exp', device_ids=[0, 1, 2], devices='0,1,2', distil=True, do_predict=False, dropout=0.31173761314157555, dvices='0,1,2', e_layers=2, embed='timeF', embed_type=0, enc_in=321, factor=1, fc_dropout=0.14776342038685644, features='M', freq='h', gpu=0, head_dropout=0.0661134740854798, individual=0, is_training=1, itr=1, kernel_size=25, label_len=18, learning_rate=0.00019775888211389357, loss='mse', lradj='TST', model='MGSformer_TST', model_id='96_720', momentum=0.5157849724080178, moving_avg=25, n=1, n_heads=20, n_intra=1, num_workers=10, output_attention=False, padding_patch='end', patch_len=16, patience=10, pct_start=0.2, period=36, pred_len=720, random_seed=2021, revin=1, root_path='./dataset/', seq_len=96, stride=8, subtract_last=0, target='OT', test_flop=False, traffic=0, train_epochs=100, use_amp=False, use_gpu=True, use_multi_gpu=True, x=9)
Use GPU: cuda:0
>>>>>>>start training : 36_1_1_96_720_MGSformer_TST_custom_ftM_sl96_ll18_pl720_dm180_nh20_el2_dl1_df204_fc1_ebtimeF_dtTrue_Exp_0>>>>>>>>>>>>>>>>>>>>>>>>>>
module.model.backbone.W_pos_intra: 540
module.model.backbone.W_pos: 6480
module.model.backbone.W_pos_coarse: 57780
module.model.backbone.W_P_intra.weight: 19440
module.model.backbone.W_P_intra.bias: 180
module.model.backbone.W_P.weight: 6480
module.model.backbone.W_P.bias: 180
module.model.backbone.W_P_coarse.weight: 577800
module.model.backbone.W_P_coarse.bias: 180
module.model.backbone.encoder.layers.0.self_attn.W_Q.weight: 32400
module.model.backbone.encoder.layers.0.self_attn.W_Q.bias: 180
module.model.backbone.encoder.layers.0.self_attn.W_K.weight: 32400
module.model.backbone.encoder.layers.0.self_attn.W_K.bias: 180
module.model.backbone.encoder.layers.0.self_attn.W_V.weight: 32400
module.model.backbone.encoder.layers.0.self_attn.W_V.bias: 180
module.model.backbone.encoder.layers.0.self_attn.to_out.0.weight: 32400
module.model.backbone.encoder.layers.0.self_attn.to_out.0.bias: 180
module.model.backbone.encoder.layers.0.norm_attn.1.weight: 180
module.model.backbone.encoder.layers.0.norm_attn.1.bias: 180
module.model.backbone.encoder.layers.0.ff.0.weight: 36720
module.model.backbone.encoder.layers.0.ff.0.bias: 204
module.model.backbone.encoder.layers.0.ff.3.weight: 36720
module.model.backbone.encoder.layers.0.ff.3.bias: 180
module.model.backbone.encoder.layers.0.norm_ffn.1.weight: 180
module.model.backbone.encoder.layers.0.norm_ffn.1.bias: 180
module.model.backbone.encoder.layers.1.self_attn.W_Q.weight: 32400
module.model.backbone.encoder.layers.1.self_attn.W_Q.bias: 180
module.model.backbone.encoder.layers.1.self_attn.W_K.weight: 32400
module.model.backbone.encoder.layers.1.self_attn.W_K.bias: 180
module.model.backbone.encoder.layers.1.self_attn.W_V.weight: 32400
module.model.backbone.encoder.layers.1.self_attn.W_V.bias: 180
module.model.backbone.encoder.layers.1.self_attn.to_out.0.weight: 32400
module.model.backbone.encoder.layers.1.self_attn.to_out.0.bias: 180
module.model.backbone.encoder.layers.1.norm_attn.1.weight: 180
module.model.backbone.encoder.layers.1.norm_attn.1.bias: 180
module.model.backbone.encoder.layers.1.ff.0.weight: 36720
module.model.backbone.encoder.layers.1.ff.0.bias: 204
module.model.backbone.encoder.layers.1.ff.3.weight: 36720
module.model.backbone.encoder.layers.1.ff.3.bias: 180
module.model.backbone.encoder.layers.1.norm_ffn.1.weight: 180
module.model.backbone.encoder.layers.1.norm_ffn.1.bias: 180
module.model.backbone.encoder_intra.layers.0.self_attn.W_Q.weight: 32400
module.model.backbone.encoder_intra.layers.0.self_attn.W_Q.bias: 180
module.model.backbone.encoder_intra.layers.0.self_attn.W_K.weight: 32400
module.model.backbone.encoder_intra.layers.0.self_attn.W_K.bias: 180
module.model.backbone.encoder_intra.layers.0.self_attn.W_V.weight: 32400
module.model.backbone.encoder_intra.layers.0.self_attn.W_V.bias: 180
module.model.backbone.encoder_intra.layers.0.self_attn.to_out.0.weight: 32400
module.model.backbone.encoder_intra.layers.0.self_attn.to_out.0.bias: 180
module.model.backbone.encoder_intra.layers.0.norm_attn.1.weight: 180
module.model.backbone.encoder_intra.layers.0.norm_attn.1.bias: 180
module.model.backbone.encoder_intra.layers.0.ff.0.weight: 36720
module.model.backbone.encoder_intra.layers.0.ff.0.bias: 204
module.model.backbone.encoder_intra.layers.0.ff.3.weight: 36720
module.model.backbone.encoder_intra.layers.0.ff.3.bias: 180
module.model.backbone.encoder_intra.layers.0.norm_ffn.1.weight: 180
module.model.backbone.encoder_intra.layers.0.norm_ffn.1.bias: 180
module.model.backbone.encoder_intra.layers.1.self_attn.W_Q.weight: 32400
module.model.backbone.encoder_intra.layers.1.self_attn.W_Q.bias: 180
module.model.backbone.encoder_intra.layers.1.self_attn.W_K.weight: 32400
module.model.backbone.encoder_intra.layers.1.self_attn.W_K.bias: 180
module.model.backbone.encoder_intra.layers.1.self_attn.W_V.weight: 32400
module.model.backbone.encoder_intra.layers.1.self_attn.W_V.bias: 180
module.model.backbone.encoder_intra.layers.1.self_attn.to_out.0.weight: 32400
module.model.backbone.encoder_intra.layers.1.self_attn.to_out.0.bias: 180
module.model.backbone.encoder_intra.layers.1.norm_attn.1.weight: 180
module.model.backbone.encoder_intra.layers.1.norm_attn.1.bias: 180
module.model.backbone.encoder_intra.layers.1.ff.0.weight: 36720
module.model.backbone.encoder_intra.layers.1.ff.0.bias: 204
module.model.backbone.encoder_intra.layers.1.ff.3.weight: 36720
module.model.backbone.encoder_intra.layers.1.ff.3.bias: 180
module.model.backbone.encoder_intra.layers.1.norm_ffn.1.weight: 180
module.model.backbone.encoder_intra.layers.1.norm_ffn.1.bias: 180
module.model.backbone.encoder_coarse.layers.0.self_attn.W_Q.weight: 32400
module.model.backbone.encoder_coarse.layers.0.self_attn.W_Q.bias: 180
module.model.backbone.encoder_coarse.layers.0.self_attn.W_K.weight: 32400
module.model.backbone.encoder_coarse.layers.0.self_attn.W_K.bias: 180
module.model.backbone.encoder_coarse.layers.0.self_attn.W_V.weight: 32400
module.model.backbone.encoder_coarse.layers.0.self_attn.W_V.bias: 180
module.model.backbone.encoder_coarse.layers.0.self_attn.to_out.0.weight: 32400
module.model.backbone.encoder_coarse.layers.0.self_attn.to_out.0.bias: 180
module.model.backbone.encoder_coarse.layers.0.norm_attn.1.weight: 180
module.model.backbone.encoder_coarse.layers.0.norm_attn.1.bias: 180
module.model.backbone.encoder_coarse.layers.0.ff.0.weight: 36720
module.model.backbone.encoder_coarse.layers.0.ff.0.bias: 204
module.model.backbone.encoder_coarse.layers.0.ff.3.weight: 36720
module.model.backbone.encoder_coarse.layers.0.ff.3.bias: 180
module.model.backbone.encoder_coarse.layers.0.norm_ffn.1.weight: 180
module.model.backbone.encoder_coarse.layers.0.norm_ffn.1.bias: 180
module.model.backbone.encoder_coarse.layers.1.self_attn.W_Q.weight: 32400
module.model.backbone.encoder_coarse.layers.1.self_attn.W_Q.bias: 180
module.model.backbone.encoder_coarse.layers.1.self_attn.W_K.weight: 32400
module.model.backbone.encoder_coarse.layers.1.self_attn.W_K.bias: 180
module.model.backbone.encoder_coarse.layers.1.self_attn.W_V.weight: 32400
module.model.backbone.encoder_coarse.layers.1.self_attn.W_V.bias: 180
module.model.backbone.encoder_coarse.layers.1.self_attn.to_out.0.weight: 32400
module.model.backbone.encoder_coarse.layers.1.self_attn.to_out.0.bias: 180
module.model.backbone.encoder_coarse.layers.1.norm_attn.1.weight: 180
module.model.backbone.encoder_coarse.layers.1.norm_attn.1.bias: 180
module.model.backbone.encoder_coarse.layers.1.ff.0.weight: 36720
module.model.backbone.encoder_coarse.layers.1.ff.0.bias: 204
module.model.backbone.encoder_coarse.layers.1.ff.3.weight: 36720
module.model.backbone.encoder_coarse.layers.1.ff.3.bias: 180
module.model.backbone.encoder_coarse.layers.1.norm_ffn.1.weight: 180
module.model.backbone.encoder_coarse.layers.1.norm_ffn.1.bias: 180
module.model.head.linear.weight: 14515200
module.model.head.linear.bias: 720
module.model.compress.weight: 960
module.model.compress.bias: 10
Total trainable parameters: 16415134
train 17597
val 1913
test 4541
	iters: 100, epoch: 1 | loss: 0.4682993
	speed: 0.5009s/iter; left time: 38265.7593s
	iters: 200, epoch: 1 | loss: 0.4372259
	speed: 0.4887s/iter; left time: 37289.1236s
	iters: 300, epoch: 1 | loss: 0.4233660
	speed: 0.4995s/iter; left time: 38062.7342s
	iters: 400, epoch: 1 | loss: 0.4175501
	speed: 0.4992s/iter; left time: 37987.0650s
	iters: 500, epoch: 1 | loss: 0.4209770
	speed: 0.5012s/iter; left time: 38094.2222s
	iters: 600, epoch: 1 | loss: 0.3705747
	speed: 0.5057s/iter; left time: 38386.8171s
	iters: 700, epoch: 1 | loss: 0.3660016
	speed: 0.5092s/iter; left time: 38601.6211s
Epoch: 1 cost time: 383.6653861999512
[2024-12-07 10:01:35] [32mIntermediate result: 0.26189741  (Index 0)[0m
Epoch: 1, Steps: 765 | Train Loss: 0.4297980 Vali Loss: 0.2280243 Test Loss: 0.2618974
Validation loss decreased (inf --> 0.228024).  Saving model ...
Updating learning rate to 9.079182953635449e-06
	iters: 100, epoch: 2 | loss: 0.3759541
	speed: 1.4580s/iter; left time: 110276.4296s
	iters: 200, epoch: 2 | loss: 0.3491200
	speed: 0.4897s/iter; left time: 36991.2229s
	iters: 300, epoch: 2 | loss: 0.4445542
	speed: 0.4910s/iter; left time: 37037.4148s
	iters: 400, epoch: 2 | loss: 0.3600255
	speed: 0.4956s/iter; left time: 37336.8093s
	iters: 500, epoch: 2 | loss: 0.3425114
	speed: 0.4973s/iter; left time: 37411.8597s
	iters: 600, epoch: 2 | loss: 0.3401965
	speed: 0.4922s/iter; left time: 36983.0862s
	iters: 700, epoch: 2 | loss: 0.3629065
	speed: 0.4842s/iter; left time: 36329.3866s
Epoch: 2 cost time: 376.6326243877411
[2024-12-07 10:08:56] [32mIntermediate result: 0.26101777  (Index 1)[0m
Epoch: 2, Steps: 765 | Train Loss: 0.3683408 Vali Loss: 0.2260402 Test Loss: 0.2610178
Validation loss decreased (0.228024 --> 0.226040).  Saving model ...
Updating learning rate to 1.2556881789771023e-05
	iters: 100, epoch: 3 | loss: 0.3386497
	speed: 1.4795s/iter; left time: 110774.9730s
	iters: 200, epoch: 3 | loss: 0.3818390
	speed: 0.5019s/iter; left time: 37524.5091s
	iters: 300, epoch: 3 | loss: 0.3406277
	speed: 0.4915s/iter; left time: 36701.9874s
	iters: 400, epoch: 3 | loss: 0.3465463
	speed: 0.4867s/iter; left time: 36291.5799s
	iters: 500, epoch: 3 | loss: 0.3564700
	speed: 0.4867s/iter; left time: 36242.2585s
	iters: 600, epoch: 3 | loss: 0.3721685
	speed: 0.4865s/iter; left time: 36184.8499s
	iters: 700, epoch: 3 | loss: 0.3591021
	speed: 0.4883s/iter; left time: 36269.4278s
Epoch: 3 cost time: 376.9878215789795
[2024-12-07 10:16:18] [32mIntermediate result: 0.25644973  (Index 2)[0m
Epoch: 3, Steps: 765 | Train Loss: 0.3517804 Vali Loss: 0.2222339 Test Loss: 0.2564497
Validation loss decreased (0.226040 --> 0.222234).  Saving model ...
Updating learning rate to 1.8257808133940366e-05
	iters: 100, epoch: 4 | loss: 0.3291016
	speed: 1.4681s/iter; left time: 108797.7766s
	iters: 200, epoch: 4 | loss: 0.3196623
	speed: 0.4878s/iter; left time: 36096.6155s
	iters: 300, epoch: 4 | loss: 0.3315113
	speed: 0.4908s/iter; left time: 36274.4784s
	iters: 400, epoch: 4 | loss: 0.3451994
	speed: 0.4904s/iter; left time: 36191.8420s
	iters: 500, epoch: 4 | loss: 0.3692696
	speed: 0.4871s/iter; left time: 35905.7148s
	iters: 600, epoch: 4 | loss: 0.3378716
	speed: 0.4823s/iter; left time: 35500.4169s
	iters: 700, epoch: 4 | loss: 0.2949206
	speed: 0.4804s/iter; left time: 35309.4086s
Epoch: 4 cost time: 372.851455450058
[2024-12-07 10:23:35] [32mIntermediate result: 0.258131  (Index 3)[0m
Epoch: 4, Steps: 765 | Train Loss: 0.3422919 Vali Loss: 0.2220272 Test Loss: 0.2581310
Validation loss decreased (0.222234 --> 0.222027).  Saving model ...
Updating learning rate to 2.6041567945447267e-05
	iters: 100, epoch: 5 | loss: 0.3108273
	speed: 1.4666s/iter; left time: 107559.1752s
	iters: 200, epoch: 5 | loss: 0.3437541
	speed: 0.4930s/iter; left time: 36110.6144s
	iters: 300, epoch: 5 | loss: 0.3677891
	speed: 0.4862s/iter; left time: 35561.5025s
	iters: 400, epoch: 5 | loss: 0.3192393
	speed: 0.4891s/iter; left time: 35727.8714s
	iters: 500, epoch: 5 | loss: 0.3166862
	speed: 0.4990s/iter; left time: 36395.3870s
	iters: 600, epoch: 5 | loss: 0.3394874
	speed: 0.4973s/iter; left time: 36224.6077s
	iters: 700, epoch: 5 | loss: 0.2919793
	speed: 0.4967s/iter; left time: 36128.3034s
Epoch: 5 cost time: 380.098087310791
[2024-12-07 10:31:00] [32mIntermediate result: 0.25247893  (Index 4)[0m
Epoch: 5, Steps: 765 | Train Loss: 0.3343353 Vali Loss: 0.2180658 Test Loss: 0.2524789
Validation loss decreased (0.222027 --> 0.218066).  Saving model ...
Updating learning rate to 3.5716474220149946e-05
	iters: 100, epoch: 6 | loss: 0.3170727
	speed: 1.4782s/iter; left time: 107284.7953s
	iters: 200, epoch: 6 | loss: 0.3668337
	speed: 0.4887s/iter; left time: 35418.9565s
	iters: 300, epoch: 6 | loss: 0.3248817
	speed: 0.4882s/iter; left time: 35333.8299s
	iters: 400, epoch: 6 | loss: 0.3100255
	speed: 0.4860s/iter; left time: 35124.3450s
	iters: 500, epoch: 6 | loss: 0.2947451
	speed: 0.4894s/iter; left time: 35325.7657s
	iters: 600, epoch: 6 | loss: 0.3192649
	speed: 0.5022s/iter; left time: 36199.7171s
	iters: 700, epoch: 6 | loss: 0.3184140
	speed: 0.4971s/iter; left time: 35782.2265s
Epoch: 6 cost time: 377.81121921539307
[2024-12-07 10:38:22] [32mIntermediate result: 0.24962369  (Index 5)[0m
Epoch: 6, Steps: 765 | Train Loss: 0.3263615 Vali Loss: 0.2171383 Test Loss: 0.2496237
Validation loss decreased (0.218066 --> 0.217138).  Saving model ...
Updating learning rate to 4.704426757645648e-05
	iters: 100, epoch: 7 | loss: 0.3526959
	speed: 1.4597s/iter; left time: 104821.0243s
	iters: 200, epoch: 7 | loss: 0.2934982
	speed: 0.4927s/iter; left time: 35329.3747s
	iters: 300, epoch: 7 | loss: 0.2927000
	speed: 0.4883s/iter; left time: 34969.8083s
	iters: 400, epoch: 7 | loss: 0.3128714
	speed: 0.4825s/iter; left time: 34506.4743s
	iters: 500, epoch: 7 | loss: 0.3178583
	speed: 0.4848s/iter; left time: 34620.9215s
	iters: 600, epoch: 7 | loss: 0.3428301
	speed: 0.4810s/iter; left time: 34303.1713s
	iters: 700, epoch: 7 | loss: 0.3076437
	speed: 0.4919s/iter; left time: 35026.4470s
Epoch: 7 cost time: 374.3267488479614
[2024-12-07 10:45:40] [32mIntermediate result: 0.24887766  (Index 6)[0m
Epoch: 7, Steps: 765 | Train Loss: 0.3196383 Vali Loss: 0.2173134 Test Loss: 0.2488777
EarlyStopping counter: 1 out of 10
Updating learning rate to 5.974598375742802e-05
	iters: 100, epoch: 8 | loss: 0.3127834
	speed: 1.4485s/iter; left time: 102913.0667s
	iters: 200, epoch: 8 | loss: 0.2989094
	speed: 0.4767s/iter; left time: 33820.0663s
	iters: 300, epoch: 8 | loss: 0.3124814
	speed: 0.4748s/iter; left time: 33638.4779s
	iters: 400, epoch: 8 | loss: 0.3120021
	speed: 0.4750s/iter; left time: 33605.6817s
	iters: 500, epoch: 8 | loss: 0.3149658
	speed: 0.4833s/iter; left time: 34145.9299s
	iters: 600, epoch: 8 | loss: 0.3168596
	speed: 0.4763s/iter; left time: 33604.1752s
	iters: 700, epoch: 8 | loss: 0.3058170
	speed: 0.4786s/iter; left time: 33718.3366s
Epoch: 8 cost time: 366.86144828796387
[2024-12-07 10:52:51] [32mIntermediate result: 0.24783443  (Index 7)[0m
Epoch: 8, Steps: 765 | Train Loss: 0.3129929 Vali Loss: 0.2162658 Test Loss: 0.2478344
Validation loss decreased (0.217138 --> 0.216266).  Saving model ...
Updating learning rate to 7.350882355276655e-05
	iters: 100, epoch: 9 | loss: 0.3183343
	speed: 1.4513s/iter; left time: 102001.6757s
	iters: 200, epoch: 9 | loss: 0.3275027
	speed: 0.4873s/iter; left time: 34198.5919s
	iters: 300, epoch: 9 | loss: 0.3034828
	speed: 0.4782s/iter; left time: 33514.1773s
	iters: 400, epoch: 9 | loss: 0.2739462
	speed: 0.4816s/iter; left time: 33704.9456s
	iters: 500, epoch: 9 | loss: 0.2798383
	speed: 0.4901s/iter; left time: 34247.6180s
	iters: 600, epoch: 9 | loss: 0.3254614
	speed: 0.4839s/iter; left time: 33766.7368s
	iters: 700, epoch: 9 | loss: 0.3107092
	speed: 0.4808s/iter; left time: 33505.0892s
Epoch: 9 cost time: 371.8318543434143
[2024-12-07 11:00:06] [32mIntermediate result: 0.23829542  (Index 8)[0m
Epoch: 9, Steps: 765 | Train Loss: 0.3068413 Vali Loss: 0.2091202 Test Loss: 0.2382954
Validation loss decreased (0.216266 --> 0.209120).  Saving model ...
Updating learning rate to 8.799385595833809e-05
	iters: 100, epoch: 10 | loss: 0.2850808
	speed: 1.4554s/iter; left time: 101170.2525s
	iters: 200, epoch: 10 | loss: 0.2979126
	speed: 0.4909s/iter; left time: 34075.1057s
	iters: 300, epoch: 10 | loss: 0.3147196
	speed: 0.4837s/iter; left time: 33527.6747s
	iters: 400, epoch: 10 | loss: 0.2693696
	speed: 0.4939s/iter; left time: 34182.9594s
	iters: 500, epoch: 10 | loss: 0.2826106
	speed: 0.4827s/iter; left time: 33360.4426s
	iters: 600, epoch: 10 | loss: 0.3047002
	speed: 0.4877s/iter; left time: 33660.0031s
	iters: 700, epoch: 10 | loss: 0.3179788
	speed: 0.4883s/iter; left time: 33652.5651s
Epoch: 10 cost time: 374.4487724304199
[2024-12-07 11:07:25] [32mIntermediate result: 0.23499058  (Index 9)[0m
Epoch: 10, Steps: 765 | Train Loss: 0.2981301 Vali Loss: 0.2164251 Test Loss: 0.2349906
EarlyStopping counter: 1 out of 10
Updating learning rate to 0.00010284436487113349
	iters: 100, epoch: 11 | loss: 0.2834519
	speed: 1.4649s/iter; left time: 100715.9117s
	iters: 200, epoch: 11 | loss: 0.2815742
	speed: 0.4927s/iter; left time: 33826.9186s
	iters: 300, epoch: 11 | loss: 0.2804354
	speed: 0.4788s/iter; left time: 32824.5436s
	iters: 400, epoch: 11 | loss: 0.2641166
	speed: 0.4887s/iter; left time: 33448.6867s
	iters: 500, epoch: 11 | loss: 0.3106601
	speed: 0.4864s/iter; left time: 33247.6395s
	iters: 600, epoch: 11 | loss: 0.2922837
	speed: 0.4844s/iter; left time: 33057.5301s
	iters: 700, epoch: 11 | loss: 0.2948898
	speed: 0.4853s/iter; left time: 33074.2069s
Epoch: 11 cost time: 373.87286472320557
[2024-12-07 11:14:43] [32mIntermediate result: 0.22693749  (Index 10)[0m
Epoch: 11, Steps: 765 | Train Loss: 0.2909119 Vali Loss: 0.2071232 Test Loss: 0.2269375
Validation loss decreased (0.209120 --> 0.207123).  Saving model ...
Updating learning rate to 0.00011769463376952196
	iters: 100, epoch: 12 | loss: 0.2784956
	speed: 1.4541s/iter; left time: 98861.7663s
	iters: 200, epoch: 12 | loss: 0.2750911
	speed: 0.4810s/iter; left time: 32655.2760s
	iters: 300, epoch: 12 | loss: 0.2661856
	speed: 0.4843s/iter; left time: 32830.0263s
	iters: 400, epoch: 12 | loss: 0.2638261
	speed: 0.4864s/iter; left time: 32925.6817s
	iters: 500, epoch: 12 | loss: 0.2654095
	speed: 0.4890s/iter; left time: 33047.6932s
	iters: 600, epoch: 12 | loss: 0.2956064
	speed: 0.4882s/iter; left time: 32945.7640s
	iters: 700, epoch: 12 | loss: 0.2819445
	speed: 0.4829s/iter; left time: 32540.0111s
Epoch: 12 cost time: 372.27316999435425
[2024-12-07 11:22:00] [32mIntermediate result: 0.22548251  (Index 11)[0m
Epoch: 12, Steps: 765 | Train Loss: 0.2831575 Vali Loss: 0.2148626 Test Loss: 0.2254825
EarlyStopping counter: 1 out of 10
Updating learning rate to 0.0001321789520425949
	iters: 100, epoch: 13 | loss: 0.2949146
	speed: 1.4538s/iter; left time: 97725.4052s
	iters: 200, epoch: 13 | loss: 0.3077100
	speed: 0.4844s/iter; left time: 32511.3676s
	iters: 300, epoch: 13 | loss: 0.2616178
	speed: 0.4859s/iter; left time: 32565.0877s
	iters: 400, epoch: 13 | loss: 0.2705300
	speed: 0.4752s/iter; left time: 31802.5270s
	iters: 500, epoch: 13 | loss: 0.2769643
	speed: 0.4776s/iter; left time: 31911.7335s
	iters: 600, epoch: 13 | loss: 0.2868869
	speed: 0.4751s/iter; left time: 31698.0810s
	iters: 700, epoch: 13 | loss: 0.2678027
	speed: 0.4722s/iter; left time: 31458.5892s
Epoch: 13 cost time: 367.63664174079895
[2024-12-07 11:29:11] [32mIntermediate result: 0.2230912  (Index 12)[0m
Epoch: 13, Steps: 765 | Train Loss: 0.2764580 Vali Loss: 0.2045627 Test Loss: 0.2230912
Validation loss decreased (0.207123 --> 0.204563).  Saving model ...
Updating learning rate to 0.00014594062117394947
	iters: 100, epoch: 14 | loss: 0.2899108
	speed: 1.4469s/iter; left time: 96157.1946s
	iters: 200, epoch: 14 | loss: 0.2568511
	speed: 0.4814s/iter; left time: 31941.5715s
	iters: 300, epoch: 14 | loss: 0.2823105
	speed: 0.4854s/iter; left time: 32159.1814s
	iters: 400, epoch: 14 | loss: 0.2785455
	speed: 0.4881s/iter; left time: 32291.9816s
	iters: 500, epoch: 14 | loss: 0.2672932
	speed: 0.4903s/iter; left time: 32386.2578s
	iters: 600, epoch: 14 | loss: 0.2492556
	speed: 0.4851s/iter; left time: 31997.3813s
	iters: 700, epoch: 14 | loss: 0.2763537
	speed: 0.4869s/iter; left time: 32064.4618s
Epoch: 14 cost time: 373.2917857170105
[2024-12-07 11:36:28] [32mIntermediate result: 0.21959122  (Index 13)[0m
Epoch: 14, Steps: 765 | Train Loss: 0.2710167 Vali Loss: 0.2025134 Test Loss: 0.2195912
Validation loss decreased (0.204563 --> 0.202513).  Saving model ...
Updating learning rate to 0.00015864073898884498
	iters: 100, epoch: 15 | loss: 0.2768346
	speed: 1.4538s/iter; left time: 95502.4030s
	iters: 200, epoch: 15 | loss: 0.2537933
	speed: 0.4798s/iter; left time: 31468.1290s
	iters: 300, epoch: 15 | loss: 0.2831864
	speed: 0.4802s/iter; left time: 31449.7900s
	iters: 400, epoch: 15 | loss: 0.2456358
	speed: 0.4839s/iter; left time: 31640.1717s
	iters: 500, epoch: 15 | loss: 0.2891082
	speed: 0.4830s/iter; left time: 31535.5195s
	iters: 600, epoch: 15 | loss: 0.2718794
	speed: 0.4837s/iter; left time: 31535.8825s
	iters: 700, epoch: 15 | loss: 0.2702147
	speed: 0.4836s/iter; left time: 31475.6811s
Epoch: 15 cost time: 370.5435450077057
[2024-12-07 11:43:42] [32mIntermediate result: 0.22778311  (Index 14)[0m
Epoch: 15, Steps: 765 | Train Loss: 0.2678661 Vali Loss: 0.2233762 Test Loss: 0.2277831
EarlyStopping counter: 1 out of 10
Updating learning rate to 0.00016996654563919533
	iters: 100, epoch: 16 | loss: 0.2827034
	speed: 1.4484s/iter; left time: 94035.8761s
	iters: 200, epoch: 16 | loss: 0.2683769
	speed: 0.4809s/iter; left time: 31175.3994s
	iters: 300, epoch: 16 | loss: 0.2548525
	speed: 0.4846s/iter; left time: 31363.0416s
	iters: 400, epoch: 16 | loss: 0.3029793
	speed: 0.4825s/iter; left time: 31185.0910s
	iters: 500, epoch: 16 | loss: 0.3307509
	speed: 0.4813s/iter; left time: 31058.6869s
	iters: 600, epoch: 16 | loss: 0.3015852
	speed: 0.4854s/iter; left time: 31270.8437s
	iters: 700, epoch: 16 | loss: 0.2736082
	speed: 0.4847s/iter; left time: 31179.3890s
Epoch: 16 cost time: 371.377925157547
[2024-12-07 11:50:58] [32mIntermediate result: 0.252395  (Index 15)[0m
Epoch: 16, Steps: 765 | Train Loss: 0.2769449 Vali Loss: 0.2336543 Test Loss: 0.2523950
EarlyStopping counter: 2 out of 10
Updating learning rate to 0.00017963912579373808
	iters: 100, epoch: 17 | loss: 0.2656929
	speed: 1.4536s/iter; left time: 93261.6532s
	iters: 200, epoch: 17 | loss: 0.2489111
	speed: 0.4824s/iter; left time: 30905.0755s
	iters: 300, epoch: 17 | loss: 0.2616273
	speed: 0.4831s/iter; left time: 30902.7529s
	iters: 400, epoch: 17 | loss: 0.2693871
	speed: 0.4845s/iter; left time: 30938.1622s
	iters: 500, epoch: 17 | loss: 0.2594447
	speed: 0.4859s/iter; left time: 30982.0782s
	iters: 600, epoch: 17 | loss: 0.2606582
	speed: 0.4850s/iter; left time: 30877.7474s
	iters: 700, epoch: 17 | loss: 0.2445221
	speed: 0.4860s/iter; left time: 30891.6582s
Epoch: 17 cost time: 371.71336221694946
[2024-12-07 11:58:14] [32mIntermediate result: 0.22245006  (Index 16)[0m
Epoch: 17, Steps: 765 | Train Loss: 0.2640862 Vali Loss: 0.2030269 Test Loss: 0.2224501
EarlyStopping counter: 3 out of 10
Updating learning rate to 0.00018742027735515202
	iters: 100, epoch: 18 | loss: 0.2447919
	speed: 1.4502s/iter; left time: 91939.4114s
	iters: 200, epoch: 18 | loss: 0.2553668
	speed: 0.4792s/iter; left time: 30330.4836s
	iters: 300, epoch: 18 | loss: 0.2701147
	speed: 0.4787s/iter; left time: 30249.6511s
	iters: 400, epoch: 18 | loss: 0.2447780
	speed: 0.4815s/iter; left time: 30380.2276s
	iters: 500, epoch: 18 | loss: 0.2448514
	speed: 0.4824s/iter; left time: 30386.5068s
	iters: 600, epoch: 18 | loss: 0.2518208
	speed: 0.4787s/iter; left time: 30109.3846s
	iters: 700, epoch: 18 | loss: 0.2442037
	speed: 0.4817s/iter; left time: 30250.9779s
Epoch: 18 cost time: 368.92203521728516
[2024-12-07 12:05:28] [32mIntermediate result: 0.2246567  (Index 17)[0m
Epoch: 18, Steps: 765 | Train Loss: 0.2598720 Vali Loss: 0.2120163 Test Loss: 0.2246567
EarlyStopping counter: 4 out of 10
Updating learning rate to 0.0001931183775514478
	iters: 100, epoch: 19 | loss: 0.2500381
	speed: 1.4592s/iter; left time: 91391.7687s
	iters: 200, epoch: 19 | loss: 0.2421344
	speed: 0.4835s/iter; left time: 30232.9042s
	iters: 300, epoch: 19 | loss: 0.2848230
	speed: 0.4850s/iter; left time: 30279.6741s
	iters: 400, epoch: 19 | loss: 0.2381340
	speed: 0.4829s/iter; left time: 30102.0869s
	iters: 500, epoch: 19 | loss: 0.3105333
	speed: 0.4851s/iter; left time: 30190.2934s
	iters: 600, epoch: 19 | loss: 0.2494560
	speed: 0.4854s/iter; left time: 30160.9624s
	iters: 700, epoch: 19 | loss: 0.2421070
	speed: 0.4863s/iter; left time: 30168.2422s
Epoch: 19 cost time: 372.34366750717163
[2024-12-07 12:12:44] [32mIntermediate result: 0.21747117  (Index 18)[0m
Epoch: 19, Steps: 765 | Train Loss: 0.2568614 Vali Loss: 0.2029229 Test Loss: 0.2174712
EarlyStopping counter: 5 out of 10
Updating learning rate to 0.0001965931019401481
	iters: 100, epoch: 20 | loss: 0.2437976
	speed: 1.4502s/iter; left time: 89716.6759s
	iters: 200, epoch: 20 | loss: 0.2473726
	speed: 0.4788s/iter; left time: 29575.1849s
	iters: 300, epoch: 20 | loss: 0.2481446
	speed: 0.4782s/iter; left time: 29491.5683s
	iters: 400, epoch: 20 | loss: 0.2484068
	speed: 0.4739s/iter; left time: 29178.3336s
	iters: 500, epoch: 20 | loss: 0.2511188
	speed: 0.4727s/iter; left time: 29057.4299s
	iters: 600, epoch: 20 | loss: 0.2561831
	speed: 0.4818s/iter; left time: 29564.6888s
	iters: 700, epoch: 20 | loss: 0.2543049
	speed: 0.4841s/iter; left time: 29657.7024s
Epoch: 20 cost time: 368.4656343460083
[2024-12-07 12:19:56] [32mIntermediate result: 0.21272402  (Index 19)[0m
Epoch: 20, Steps: 765 | Train Loss: 0.2536752 Vali Loss: 0.1989162 Test Loss: 0.2127240
Validation loss decreased (0.202513 --> 0.198916).  Saving model ...
Updating learning rate to 0.00019775888198361554
	iters: 100, epoch: 21 | loss: 0.2638374
	speed: 1.4638s/iter; left time: 89442.6292s
	iters: 200, epoch: 21 | loss: 0.2448666
	speed: 0.4848s/iter; left time: 29574.6253s
	iters: 300, epoch: 21 | loss: 0.2488056
	speed: 0.4818s/iter; left time: 29344.4555s
	iters: 400, epoch: 21 | loss: 0.2642908
	speed: 0.4787s/iter; left time: 29106.3572s
	iters: 500, epoch: 21 | loss: 0.2357959
	speed: 0.4796s/iter; left time: 29112.4279s
	iters: 600, epoch: 21 | loss: 0.2461083
	speed: 0.4783s/iter; left time: 28983.5694s
	iters: 700, epoch: 21 | loss: 0.2587583
	speed: 0.4749s/iter; left time: 28733.7418s
Epoch: 21 cost time: 369.08136081695557
[2024-12-07 12:27:10] [32mIntermediate result: 0.21410207  (Index 20)[0m
Epoch: 21, Steps: 765 | Train Loss: 0.2514560 Vali Loss: 0.1974694 Test Loss: 0.2141021
Validation loss decreased (0.198916 --> 0.197469).  Saving model ...
Updating learning rate to 0.00019768245054889978
	iters: 100, epoch: 22 | loss: 0.2680833
	speed: 1.4457s/iter; left time: 87229.1369s
	iters: 200, epoch: 22 | loss: 0.2493063
	speed: 0.4773s/iter; left time: 28753.1436s
	iters: 300, epoch: 22 | loss: 0.2663661
	speed: 0.4702s/iter; left time: 28274.1376s
	iters: 400, epoch: 22 | loss: 0.2529639
	speed: 0.4756s/iter; left time: 28554.6277s
	iters: 500, epoch: 22 | loss: 0.2565798
	speed: 0.4815s/iter; left time: 28859.6745s
	iters: 600, epoch: 22 | loss: 0.2450305
	speed: 0.4785s/iter; left time: 28631.4054s
	iters: 700, epoch: 22 | loss: 0.2410853
	speed: 0.4750s/iter; left time: 28372.9281s
Epoch: 22 cost time: 365.83744502067566
[2024-12-07 12:34:19] [32mIntermediate result: 0.2145393  (Index 21)[0m
Epoch: 22, Steps: 765 | Train Loss: 0.2495862 Vali Loss: 0.1970537 Test Loss: 0.2145393
Validation loss decreased (0.197469 --> 0.197054).  Saving model ...
Updating learning rate to 0.00019745367264479213
	iters: 100, epoch: 23 | loss: 0.2539864
	speed: 1.4497s/iter; left time: 86357.5077s
	iters: 200, epoch: 23 | loss: 0.2317776
	speed: 0.4869s/iter; left time: 28957.2101s
	iters: 300, epoch: 23 | loss: 0.2692671
	speed: 0.4877s/iter; left time: 28954.5067s
	iters: 400, epoch: 23 | loss: 0.2433627
	speed: 0.4875s/iter; left time: 28893.7536s
	iters: 500, epoch: 23 | loss: 0.2439918
	speed: 0.4926s/iter; left time: 29148.2979s
	iters: 600, epoch: 23 | loss: 0.2449907
	speed: 0.4945s/iter; left time: 29213.0078s
	iters: 700, epoch: 23 | loss: 0.2484710
	speed: 0.4898s/iter; left time: 28885.4156s
Epoch: 23 cost time: 376.24252915382385
[2024-12-07 12:41:40] [32mIntermediate result: 0.21425226  (Index 22)[0m
Epoch: 23, Steps: 765 | Train Loss: 0.2480426 Vali Loss: 0.1950538 Test Loss: 0.2142523
Validation loss decreased (0.197054 --> 0.195054).  Saving model ...
Updating learning rate to 0.00019707290103023858
	iters: 100, epoch: 24 | loss: 0.2644669
	speed: 1.4679s/iter; left time: 86318.5565s
	iters: 200, epoch: 24 | loss: 0.2400323
	speed: 0.4952s/iter; left time: 29071.2329s
	iters: 300, epoch: 24 | loss: 0.2487991
	speed: 0.4906s/iter; left time: 28753.9337s
	iters: 400, epoch: 24 | loss: 0.2390070
	speed: 0.4892s/iter; left time: 28618.4935s
	iters: 500, epoch: 24 | loss: 0.2564462
	speed: 0.4835s/iter; left time: 28240.7876s
	iters: 600, epoch: 24 | loss: 0.2464273
	speed: 0.4888s/iter; left time: 28500.6710s
	iters: 700, epoch: 24 | loss: 0.2596122
	speed: 0.4932s/iter; left time: 28706.6597s
Epoch: 24 cost time: 375.70161056518555
[2024-12-07 12:49:00] [32mIntermediate result: 0.21420443  (Index 23)[0m
Epoch: 24, Steps: 765 | Train Loss: 0.2461423 Vali Loss: 0.1971709 Test Loss: 0.2142044
EarlyStopping counter: 1 out of 10
Updating learning rate to 0.00019654072282746993
	iters: 100, epoch: 25 | loss: 0.2407550
	speed: 1.4536s/iter; left time: 84370.3169s
	iters: 200, epoch: 25 | loss: 0.2733907
	speed: 0.4866s/iter; left time: 28195.3538s
	iters: 300, epoch: 25 | loss: 0.2419006
	speed: 0.4856s/iter; left time: 28087.8353s
	iters: 400, epoch: 25 | loss: 0.2380834
	speed: 0.4842s/iter; left time: 27957.3199s
	iters: 500, epoch: 25 | loss: 0.2392505
	speed: 0.4867s/iter; left time: 28055.7378s
	iters: 600, epoch: 25 | loss: 0.2401703
	speed: 0.4869s/iter; left time: 28015.7024s
	iters: 700, epoch: 25 | loss: 0.2488153
	speed: 0.4882s/iter; left time: 28041.1397s
Epoch: 25 cost time: 372.78227639198303
[2024-12-07 12:56:17] [32mIntermediate result: 0.20846617  (Index 24)[0m
Epoch: 25, Steps: 765 | Train Loss: 0.2445021 Vali Loss: 0.1911934 Test Loss: 0.2084662
Validation loss decreased (0.195054 --> 0.191193).  Saving model ...
Updating learning rate to 0.00019585795861670172
	iters: 100, epoch: 26 | loss: 0.2424168
	speed: 1.4551s/iter; left time: 83344.6547s
	iters: 200, epoch: 26 | loss: 0.2370279
	speed: 0.4880s/iter; left time: 27904.0106s
	iters: 300, epoch: 26 | loss: 0.2699250
	speed: 0.4845s/iter; left time: 27653.6202s
	iters: 400, epoch: 26 | loss: 0.2508848
	speed: 0.4797s/iter; left time: 27328.6223s
	iters: 500, epoch: 26 | loss: 0.2474426
	speed: 0.4781s/iter; left time: 27194.7269s
	iters: 600, epoch: 26 | loss: 0.2710175
	speed: 0.4792s/iter; left time: 27207.0567s
	iters: 700, epoch: 26 | loss: 0.2478385
	speed: 0.4833s/iter; left time: 27390.2199s
Epoch: 26 cost time: 370.9705948829651
[2024-12-07 13:03:32] [32mIntermediate result: 0.2137084  (Index 25)[0m
Epoch: 26, Steps: 765 | Train Loss: 0.2429672 Vali Loss: 0.1941487 Test Loss: 0.2137084
EarlyStopping counter: 1 out of 10
Updating learning rate to 0.00019502566117085926
	iters: 100, epoch: 27 | loss: 0.2626331
	speed: 1.4537s/iter; left time: 82150.5948s
	iters: 200, epoch: 27 | loss: 0.2249973
	speed: 0.4864s/iter; left time: 27436.6160s
	iters: 300, epoch: 27 | loss: 0.2327071
	speed: 0.4797s/iter; left time: 27013.4530s
	iters: 400, epoch: 27 | loss: 0.2464903
	speed: 0.4796s/iter; left time: 26958.1233s
	iters: 500, epoch: 27 | loss: 0.2336217
	speed: 0.4907s/iter; left time: 27534.8240s
	iters: 600, epoch: 27 | loss: 0.2377728
	speed: 0.4855s/iter; left time: 27190.7538s
	iters: 700, epoch: 27 | loss: 0.2269277
	speed: 0.4846s/iter; left time: 27095.4409s
Epoch: 27 cost time: 371.7502737045288
[2024-12-07 13:10:49] [32mIntermediate result: 0.2159768  (Index 26)[0m
Epoch: 27, Steps: 765 | Train Loss: 0.2414647 Vali Loss: 0.1975252 Test Loss: 0.2159768
EarlyStopping counter: 2 out of 10
Updating learning rate to 0.00019404511383227792
	iters: 100, epoch: 28 | loss: 0.2355438
	speed: 1.4590s/iter; left time: 81334.5233s
	iters: 200, epoch: 28 | loss: 0.2617483
	speed: 0.4849s/iter; left time: 26980.2284s
	iters: 300, epoch: 28 | loss: 0.2447263
	speed: 0.4866s/iter; left time: 27030.2883s
	iters: 400, epoch: 28 | loss: 0.2290219
	speed: 0.4820s/iter; left time: 26723.8266s
	iters: 500, epoch: 28 | loss: 0.2374860
	speed: 0.4834s/iter; left time: 26752.4917s
	iters: 600, epoch: 28 | loss: 0.2214906
	speed: 0.4824s/iter; left time: 26651.4680s
	iters: 700, epoch: 28 | loss: 0.2452025
	speed: 0.4861s/iter; left time: 26805.2128s
Epoch: 28 cost time: 372.4466881752014
[2024-12-07 13:18:05] [32mIntermediate result: 0.21237546  (Index 27)[0m
Epoch: 28, Steps: 765 | Train Loss: 0.2401326 Vali Loss: 0.1958912 Test Loss: 0.2123755
EarlyStopping counter: 3 out of 10
Updating learning rate to 0.00019291782853388234
	iters: 100, epoch: 29 | loss: 0.2338977
	speed: 1.4658s/iter; left time: 80593.3516s
	iters: 200, epoch: 29 | loss: 0.2652187
	speed: 0.4965s/iter; left time: 27246.1621s
	iters: 300, epoch: 29 | loss: 0.2656802
	speed: 0.4851s/iter; left time: 26576.4104s
	iters: 400, epoch: 29 | loss: 0.2337116
	speed: 0.4894s/iter; left time: 26760.2484s
	iters: 500, epoch: 29 | loss: 0.2818622
	speed: 0.4823s/iter; left time: 26323.8908s
	iters: 600, epoch: 29 | loss: 0.2369476
	speed: 0.4801s/iter; left time: 26154.4708s
	iters: 700, epoch: 29 | loss: 0.2484572
	speed: 0.4870s/iter; left time: 26484.9451s
Epoch: 29 cost time: 374.5344612598419
[2024-12-07 13:25:22] [32mIntermediate result: 0.2088833  (Index 28)[0m
Epoch: 29, Steps: 765 | Train Loss: 0.2388397 Vali Loss: 0.1893695 Test Loss: 0.2088833
Validation loss decreased (0.191193 --> 0.189369).  Saving model ...
Updating learning rate to 0.0001916455434678953
	iters: 100, epoch: 30 | loss: 0.2350140
	speed: 1.4509s/iter; left time: 78660.1029s
	iters: 200, epoch: 30 | loss: 0.2299238
	speed: 0.4842s/iter; left time: 26202.4932s
	iters: 300, epoch: 30 | loss: 0.2331138
	speed: 0.4845s/iter; left time: 26171.5225s
	iters: 400, epoch: 30 | loss: 0.2318748
	speed: 0.4881s/iter; left time: 26315.9819s
	iters: 500, epoch: 30 | loss: 0.2484798
	speed: 0.4918s/iter; left time: 26468.5747s
	iters: 600, epoch: 30 | loss: 0.2295294
	speed: 0.4956s/iter; left time: 26620.7288s
	iters: 700, epoch: 30 | loss: 0.2330389
	speed: 0.4959s/iter; left time: 26586.1236s
Epoch: 30 cost time: 376.53313732147217
[2024-12-07 13:32:44] [32mIntermediate result: 0.20987242  (Index 29)[0m
Epoch: 30, Steps: 765 | Train Loss: 0.2372737 Vali Loss: 0.1953008 Test Loss: 0.2098724
EarlyStopping counter: 1 out of 10
Updating learning rate to 0.00019023022040567158
	iters: 100, epoch: 31 | loss: 0.2332149
	speed: 1.4747s/iter; left time: 78822.2661s
	iters: 200, epoch: 31 | loss: 0.2387591
	speed: 0.4888s/iter; left time: 26077.0173s
	iters: 300, epoch: 31 | loss: 0.2291352
	speed: 0.4896s/iter; left time: 26070.3155s
	iters: 400, epoch: 31 | loss: 0.2289023
	speed: 0.4809s/iter; left time: 25562.4264s
	iters: 500, epoch: 31 | loss: 0.2646239
	speed: 0.4881s/iter; left time: 25891.6367s
	iters: 600, epoch: 31 | loss: 0.2484077
	speed: 0.4872s/iter; left time: 25795.1624s
	iters: 700, epoch: 31 | loss: 0.2275937
	speed: 0.4848s/iter; left time: 25621.7823s
Epoch: 31 cost time: 374.27769708633423
[2024-12-07 13:40:02] [32mIntermediate result: 0.20873995  (Index 30)[0m
Epoch: 31, Steps: 765 | Train Loss: 0.2361863 Vali Loss: 0.1939843 Test Loss: 0.2087400
EarlyStopping counter: 2 out of 10
Updating learning rate to 0.00018867404167278838
	iters: 100, epoch: 32 | loss: 0.2344370
	speed: 1.4548s/iter; left time: 76648.4670s
	iters: 200, epoch: 32 | loss: 0.2464614
	speed: 0.4841s/iter; left time: 25456.5108s
	iters: 300, epoch: 32 | loss: 0.2147723
	speed: 0.4893s/iter; left time: 25678.8481s
	iters: 400, epoch: 32 | loss: 0.2179796
	speed: 0.4818s/iter; left time: 25240.1390s
	iters: 500, epoch: 32 | loss: 0.2427732
	speed: 0.4829s/iter; left time: 25248.3177s
	iters: 600, epoch: 32 | loss: 0.2327290
	speed: 0.4859s/iter; left time: 25357.7205s
	iters: 700, epoch: 32 | loss: 0.2240487
	speed: 0.4818s/iter; left time: 25093.4705s
Epoch: 32 cost time: 372.0819811820984
[2024-12-07 13:47:17] [32mIntermediate result: 0.21400212  (Index 31)[0m
Epoch: 32, Steps: 765 | Train Loss: 0.2350750 Vali Loss: 0.1935559 Test Loss: 0.2140021
EarlyStopping counter: 3 out of 10
Updating learning rate to 0.00018697940678405779
	iters: 100, epoch: 33 | loss: 0.2486426
	speed: 1.4465s/iter; left time: 75102.5603s
	iters: 200, epoch: 33 | loss: 0.2308316
	speed: 0.4869s/iter; left time: 25230.2961s
	iters: 300, epoch: 33 | loss: 0.2208911
	speed: 0.4855s/iter; left time: 25108.3754s
	iters: 400, epoch: 33 | loss: 0.2337388
	speed: 0.4826s/iter; left time: 24911.4536s
	iters: 500, epoch: 33 | loss: 0.2319773
	speed: 0.4764s/iter; left time: 24544.7731s
	iters: 600, epoch: 33 | loss: 0.2332578
	speed: 0.4760s/iter; left time: 24474.3811s
	iters: 700, epoch: 33 | loss: 0.2236893
	speed: 0.4760s/iter; left time: 24428.6961s
Epoch: 33 cost time: 369.0445694923401
[2024-12-07 13:54:29] [32mIntermediate result: 0.2120916  (Index 32)[0m
Epoch: 33, Steps: 765 | Train Loss: 0.2338380 Vali Loss: 0.1954743 Test Loss: 0.2120916
EarlyStopping counter: 4 out of 10
Updating learning rate to 0.0001851489287436486
	iters: 100, epoch: 34 | loss: 0.2343924
	speed: 1.4368s/iter; left time: 73500.7936s
	iters: 200, epoch: 34 | loss: 0.2191777
	speed: 0.4848s/iter; left time: 24750.8659s
	iters: 300, epoch: 34 | loss: 0.2323651
	speed: 0.4839s/iter; left time: 24660.0908s
	iters: 400, epoch: 34 | loss: 0.2238054
	speed: 0.4873s/iter; left time: 24780.7918s
	iters: 500, epoch: 34 | loss: 0.2388480
	speed: 0.4862s/iter; left time: 24678.4094s
	iters: 600, epoch: 34 | loss: 0.2146693
	speed: 0.4860s/iter; left time: 24617.4051s
	iters: 700, epoch: 34 | loss: 0.2415267
	speed: 0.4857s/iter; left time: 24556.2417s
Epoch: 34 cost time: 371.89552569389343
[2024-12-07 14:01:45] [32mIntermediate result: 0.20904675  (Index 33)[0m
Epoch: 34, Steps: 765 | Train Loss: 0.2329439 Vali Loss: 0.1901880 Test Loss: 0.2090468
EarlyStopping counter: 5 out of 10
Updating learning rate to 0.00018318543001602346
	iters: 100, epoch: 35 | loss: 0.2311107
	speed: 1.4399s/iter; left time: 72556.1716s
	iters: 200, epoch: 35 | loss: 0.2467566
	speed: 0.4822s/iter; left time: 24250.3273s
	iters: 300, epoch: 35 | loss: 0.2527756
	speed: 0.4819s/iter; left time: 24189.0446s
	iters: 400, epoch: 35 | loss: 0.2489953
	speed: 0.4837s/iter; left time: 24229.8297s
	iters: 500, epoch: 35 | loss: 0.2135071
	speed: 0.4870s/iter; left time: 24346.8387s
	iters: 600, epoch: 35 | loss: 0.2096512
	speed: 0.4810s/iter; left time: 23995.7542s
	iters: 700, epoch: 35 | loss: 0.2192862
	speed: 0.4812s/iter; left time: 23960.7786s
Epoch: 35 cost time: 370.6242699623108
[2024-12-07 14:08:59] [32mIntermediate result: 0.21099232  (Index 34)[0m
Epoch: 35, Steps: 765 | Train Loss: 0.2320716 Vali Loss: 0.1934429 Test Loss: 0.2109923
EarlyStopping counter: 6 out of 10
Updating learning rate to 0.0001810919381739031
	iters: 100, epoch: 36 | loss: 0.2298846
	speed: 1.4455s/iter; left time: 71734.2311s
	iters: 200, epoch: 36 | loss: 0.2270169
	speed: 0.4836s/iter; left time: 23949.6675s
	iters: 300, epoch: 36 | loss: 0.2173257
	speed: 0.4865s/iter; left time: 24044.7674s
	iters: 400, epoch: 36 | loss: 0.2353618
	speed: 0.4873s/iter; left time: 24034.9435s
	iters: 500, epoch: 36 | loss: 0.2259976
	speed: 0.4885s/iter; left time: 24048.9262s
	iters: 600, epoch: 36 | loss: 0.2467588
	speed: 0.4900s/iter; left time: 24072.3288s
	iters: 700, epoch: 36 | loss: 0.2252319
	speed: 0.4829s/iter; left time: 23674.6866s
Epoch: 36 cost time: 373.3022255897522
[2024-12-07 14:16:15] [32mIntermediate result: 0.21310742  (Index 35)[0m
Epoch: 36, Steps: 765 | Train Loss: 0.2312218 Vali Loss: 0.1965495 Test Loss: 0.2131074
EarlyStopping counter: 7 out of 10
Updating learning rate to 0.00017887168122996877
	iters: 100, epoch: 37 | loss: 0.2229428
	speed: 1.4471s/iter; left time: 70705.5768s
	iters: 200, epoch: 37 | loss: 0.2268133
	speed: 0.4880s/iter; left time: 23794.1253s
	iters: 300, epoch: 37 | loss: 0.2261735
	speed: 0.4871s/iter; left time: 23704.8119s
	iters: 400, epoch: 37 | loss: 0.2405062
	speed: 0.4872s/iter; left time: 23658.4679s
	iters: 500, epoch: 37 | loss: 0.2387909
	speed: 0.4852s/iter; left time: 23512.9367s
	iters: 600, epoch: 37 | loss: 0.2205965
	speed: 0.4868s/iter; left time: 23540.9285s
	iters: 700, epoch: 37 | loss: 0.2376463
	speed: 0.4837s/iter; left time: 23341.6050s
Epoch: 37 cost time: 373.48939657211304
[2024-12-07 14:23:32] [32mIntermediate result: 0.21096373  (Index 36)[0m
Epoch: 37, Steps: 765 | Train Loss: 0.2301975 Vali Loss: 0.1945988 Test Loss: 0.2109637
EarlyStopping counter: 8 out of 10
Updating learning rate to 0.00017652808265950062
	iters: 100, epoch: 38 | loss: 0.2263145
	speed: 1.4546s/iter; left time: 69960.5485s
	iters: 200, epoch: 38 | loss: 0.2202695
	speed: 0.4890s/iter; left time: 23468.4264s
	iters: 300, epoch: 38 | loss: 0.2304243
	speed: 0.4902s/iter; left time: 23476.3361s
	iters: 400, epoch: 38 | loss: 0.2291466
	speed: 0.4858s/iter; left time: 23219.2647s
	iters: 500, epoch: 38 | loss: 0.2358704
	speed: 0.4852s/iter; left time: 23141.5405s
	iters: 600, epoch: 38 | loss: 0.2236875
	speed: 0.4864s/iter; left time: 23152.7024s
	iters: 700, epoch: 38 | loss: 0.2244013
	speed: 0.4906s/iter; left time: 23303.5036s
Epoch: 38 cost time: 374.0322825908661
[2024-12-07 14:30:50] [32mIntermediate result: 0.21005587  (Index 37)[0m
Epoch: 38, Steps: 765 | Train Loss: 0.2293595 Vali Loss: 0.1942903 Test Loss: 0.2100559
EarlyStopping counter: 9 out of 10
Updating learning rate to 0.00017406475612162685
	iters: 100, epoch: 39 | loss: 0.2275119
	speed: 1.4468s/iter; left time: 68476.8522s
	iters: 200, epoch: 39 | loss: 0.2501482
	speed: 0.4827s/iter; left time: 22800.1460s
	iters: 300, epoch: 39 | loss: 0.2188861
	speed: 0.4761s/iter; left time: 22438.2810s
	iters: 400, epoch: 39 | loss: 0.2176237
	speed: 0.4925s/iter; left time: 23160.7715s
	iters: 500, epoch: 39 | loss: 0.2182367
	speed: 0.4795s/iter; left time: 22504.2281s
	iters: 600, epoch: 39 | loss: 0.2559167
	speed: 0.4869s/iter; left time: 22803.5780s
	iters: 700, epoch: 39 | loss: 0.2192526
	speed: 0.4950s/iter; left time: 23130.8327s
Epoch: 39 cost time: 372.56660890579224
[2024-12-07 14:38:06] [32mIntermediate result: 0.21349387  (Index 38)[0m
Epoch: 39, Steps: 765 | Train Loss: 0.2288832 Vali Loss: 0.1950599 Test Loss: 0.2134939
EarlyStopping counter: 10 out of 10
Early stopping
>>>>>>>testing : 36_1_1_96_720_MGSformer_TST_custom_ftM_sl96_ll18_pl720_dm180_nh20_el2_dl1_df204_fc1_ebtimeF_dtTrue_Exp_0<<<<<<<<<<<<<<<<<<<<<<<<<<<<<<<<<
test 4541
mse:0.20888258516788483, mae:0.30202868580818176, rse:0.455989271402359
[2024-12-07 14:39:41] [32mFinal result: 0.20888259[0m
