Args in experiment:
Namespace(accumulation_steps=2, activation='gelu', affine=0, batch_size=23, c_out=7, checkpoints='./checkpoints/', compress_len=10, d_ff=204, d_layers=1, d_model=128, data='custom', data_path='electricity.csv', dec_in=7, decomposition=0, des='Exp', device_ids=[0, 1, 2], devices='0,1,2', distil=True, do_predict=False, dropout=0.31173761314157555, dvices='0,1,2', e_layers=2, embed='timeF', embed_type=0, enc_in=321, factor=1, fc_dropout=0.14776342038685644, features='M', freq='h', gpu=0, head_dropout=0.0661134740854798, individual=0, is_training=1, itr=1, kernel_size=25, label_len=18, learning_rate=0.00019775888211389357, loss='mse', lradj='TST', model='MGSformer_TST', model_id='96_96', momentum=0.5157849724080178, moving_avg=25, n=1, n_heads=20, n_intra=1, num_workers=10, output_attention=False, padding_patch='end', patch_len=16, patience=10, pct_start=0.2, period=36, pred_len=96, random_seed=2021, revin=1, root_path='./dataset/', seq_len=96, stride=8, subtract_last=0, target='OT', test_flop=False, traffic=0, train_epochs=100, use_amp=False, use_gpu=True, use_multi_gpu=True, x=9)
Use GPU: cuda:0
>>>>>>>start training : 36_1_1_96_96_MGSformer_TST_custom_ftM_sl96_ll18_pl96_dm180_nh20_el2_dl1_df204_fc1_ebtimeF_dtTrue_Exp_0>>>>>>>>>>>>>>>>>>>>>>>>>>
module.model.backbone.W_pos_intra: 540
module.model.backbone.W_pos: 6480
module.model.backbone.W_pos_coarse: 57780
module.model.backbone.W_P_intra.weight: 19440
module.model.backbone.W_P_intra.bias: 180
module.model.backbone.W_P.weight: 6480
module.model.backbone.W_P.bias: 180
module.model.backbone.W_P_coarse.weight: 577800
module.model.backbone.W_P_coarse.bias: 180
module.model.backbone.encoder.layers.0.self_attn.W_Q.weight: 32400
module.model.backbone.encoder.layers.0.self_attn.W_Q.bias: 180
module.model.backbone.encoder.layers.0.self_attn.W_K.weight: 32400
module.model.backbone.encoder.layers.0.self_attn.W_K.bias: 180
module.model.backbone.encoder.layers.0.self_attn.W_V.weight: 32400
module.model.backbone.encoder.layers.0.self_attn.W_V.bias: 180
module.model.backbone.encoder.layers.0.self_attn.to_out.0.weight: 32400
module.model.backbone.encoder.layers.0.self_attn.to_out.0.bias: 180
module.model.backbone.encoder.layers.0.norm_attn.1.weight: 180
module.model.backbone.encoder.layers.0.norm_attn.1.bias: 180
module.model.backbone.encoder.layers.0.ff.0.weight: 36720
module.model.backbone.encoder.layers.0.ff.0.bias: 204
module.model.backbone.encoder.layers.0.ff.3.weight: 36720
module.model.backbone.encoder.layers.0.ff.3.bias: 180
module.model.backbone.encoder.layers.0.norm_ffn.1.weight: 180
module.model.backbone.encoder.layers.0.norm_ffn.1.bias: 180
module.model.backbone.encoder.layers.1.self_attn.W_Q.weight: 32400
module.model.backbone.encoder.layers.1.self_attn.W_Q.bias: 180
module.model.backbone.encoder.layers.1.self_attn.W_K.weight: 32400
module.model.backbone.encoder.layers.1.self_attn.W_K.bias: 180
module.model.backbone.encoder.layers.1.self_attn.W_V.weight: 32400
module.model.backbone.encoder.layers.1.self_attn.W_V.bias: 180
module.model.backbone.encoder.layers.1.self_attn.to_out.0.weight: 32400
module.model.backbone.encoder.layers.1.self_attn.to_out.0.bias: 180
module.model.backbone.encoder.layers.1.norm_attn.1.weight: 180
module.model.backbone.encoder.layers.1.norm_attn.1.bias: 180
module.model.backbone.encoder.layers.1.ff.0.weight: 36720
module.model.backbone.encoder.layers.1.ff.0.bias: 204
module.model.backbone.encoder.layers.1.ff.3.weight: 36720
module.model.backbone.encoder.layers.1.ff.3.bias: 180
module.model.backbone.encoder.layers.1.norm_ffn.1.weight: 180
module.model.backbone.encoder.layers.1.norm_ffn.1.bias: 180
module.model.backbone.encoder_intra.layers.0.self_attn.W_Q.weight: 32400
module.model.backbone.encoder_intra.layers.0.self_attn.W_Q.bias: 180
module.model.backbone.encoder_intra.layers.0.self_attn.W_K.weight: 32400
module.model.backbone.encoder_intra.layers.0.self_attn.W_K.bias: 180
module.model.backbone.encoder_intra.layers.0.self_attn.W_V.weight: 32400
module.model.backbone.encoder_intra.layers.0.self_attn.W_V.bias: 180
module.model.backbone.encoder_intra.layers.0.self_attn.to_out.0.weight: 32400
module.model.backbone.encoder_intra.layers.0.self_attn.to_out.0.bias: 180
module.model.backbone.encoder_intra.layers.0.norm_attn.1.weight: 180
module.model.backbone.encoder_intra.layers.0.norm_attn.1.bias: 180
module.model.backbone.encoder_intra.layers.0.ff.0.weight: 36720
module.model.backbone.encoder_intra.layers.0.ff.0.bias: 204
module.model.backbone.encoder_intra.layers.0.ff.3.weight: 36720
module.model.backbone.encoder_intra.layers.0.ff.3.bias: 180
module.model.backbone.encoder_intra.layers.0.norm_ffn.1.weight: 180
module.model.backbone.encoder_intra.layers.0.norm_ffn.1.bias: 180
module.model.backbone.encoder_intra.layers.1.self_attn.W_Q.weight: 32400
module.model.backbone.encoder_intra.layers.1.self_attn.W_Q.bias: 180
module.model.backbone.encoder_intra.layers.1.self_attn.W_K.weight: 32400
module.model.backbone.encoder_intra.layers.1.self_attn.W_K.bias: 180
module.model.backbone.encoder_intra.layers.1.self_attn.W_V.weight: 32400
module.model.backbone.encoder_intra.layers.1.self_attn.W_V.bias: 180
module.model.backbone.encoder_intra.layers.1.self_attn.to_out.0.weight: 32400
module.model.backbone.encoder_intra.layers.1.self_attn.to_out.0.bias: 180
module.model.backbone.encoder_intra.layers.1.norm_attn.1.weight: 180
module.model.backbone.encoder_intra.layers.1.norm_attn.1.bias: 180
module.model.backbone.encoder_intra.layers.1.ff.0.weight: 36720
module.model.backbone.encoder_intra.layers.1.ff.0.bias: 204
module.model.backbone.encoder_intra.layers.1.ff.3.weight: 36720
module.model.backbone.encoder_intra.layers.1.ff.3.bias: 180
module.model.backbone.encoder_intra.layers.1.norm_ffn.1.weight: 180
module.model.backbone.encoder_intra.layers.1.norm_ffn.1.bias: 180
module.model.backbone.encoder_coarse.layers.0.self_attn.W_Q.weight: 32400
module.model.backbone.encoder_coarse.layers.0.self_attn.W_Q.bias: 180
module.model.backbone.encoder_coarse.layers.0.self_attn.W_K.weight: 32400
module.model.backbone.encoder_coarse.layers.0.self_attn.W_K.bias: 180
module.model.backbone.encoder_coarse.layers.0.self_attn.W_V.weight: 32400
module.model.backbone.encoder_coarse.layers.0.self_attn.W_V.bias: 180
module.model.backbone.encoder_coarse.layers.0.self_attn.to_out.0.weight: 32400
module.model.backbone.encoder_coarse.layers.0.self_attn.to_out.0.bias: 180
module.model.backbone.encoder_coarse.layers.0.norm_attn.1.weight: 180
module.model.backbone.encoder_coarse.layers.0.norm_attn.1.bias: 180
module.model.backbone.encoder_coarse.layers.0.ff.0.weight: 36720
module.model.backbone.encoder_coarse.layers.0.ff.0.bias: 204
module.model.backbone.encoder_coarse.layers.0.ff.3.weight: 36720
module.model.backbone.encoder_coarse.layers.0.ff.3.bias: 180
module.model.backbone.encoder_coarse.layers.0.norm_ffn.1.weight: 180
module.model.backbone.encoder_coarse.layers.0.norm_ffn.1.bias: 180
module.model.backbone.encoder_coarse.layers.1.self_attn.W_Q.weight: 32400
module.model.backbone.encoder_coarse.layers.1.self_attn.W_Q.bias: 180
module.model.backbone.encoder_coarse.layers.1.self_attn.W_K.weight: 32400
module.model.backbone.encoder_coarse.layers.1.self_attn.W_K.bias: 180
module.model.backbone.encoder_coarse.layers.1.self_attn.W_V.weight: 32400
module.model.backbone.encoder_coarse.layers.1.self_attn.W_V.bias: 180
module.model.backbone.encoder_coarse.layers.1.self_attn.to_out.0.weight: 32400
module.model.backbone.encoder_coarse.layers.1.self_attn.to_out.0.bias: 180
module.model.backbone.encoder_coarse.layers.1.norm_attn.1.weight: 180
module.model.backbone.encoder_coarse.layers.1.norm_attn.1.bias: 180
module.model.backbone.encoder_coarse.layers.1.ff.0.weight: 36720
module.model.backbone.encoder_coarse.layers.1.ff.0.bias: 204
module.model.backbone.encoder_coarse.layers.1.ff.3.weight: 36720
module.model.backbone.encoder_coarse.layers.1.ff.3.bias: 180
module.model.backbone.encoder_coarse.layers.1.norm_ffn.1.weight: 180
module.model.backbone.encoder_coarse.layers.1.norm_ffn.1.bias: 180
module.model.head.linear.weight: 1935360
module.model.head.linear.bias: 96
module.model.compress.weight: 960
module.model.compress.bias: 10
Total trainable parameters: 3834670
train 18221
val 2537
test 5165
	iters: 100, epoch: 1 | loss: 0.3796156
	speed: 0.4794s/iter; left time: 37921.7191s
	iters: 200, epoch: 1 | loss: 0.3714553
	speed: 0.4595s/iter; left time: 36301.2240s
	iters: 300, epoch: 1 | loss: 0.3435726
	speed: 0.4708s/iter; left time: 37149.9578s
	iters: 400, epoch: 1 | loss: 0.3370585
	speed: 0.4647s/iter; left time: 36616.0502s
	iters: 500, epoch: 1 | loss: 0.3672879
	speed: 0.4600s/iter; left time: 36199.8682s
	iters: 600, epoch: 1 | loss: 0.3316433
	speed: 0.4691s/iter; left time: 36873.0593s
	iters: 700, epoch: 1 | loss: 0.3092733
	speed: 0.4634s/iter; left time: 36379.2529s
Epoch: 1 cost time: 369.30797290802
[2024-12-06 12:57:47] [32mIntermediate result: 0.20268214  (Index 0)[0m
Epoch: 1, Steps: 792 | Train Loss: 0.3682992 Vali Loss: 0.1802368 Test Loss: 0.2026821
Validation loss decreased (inf --> 0.180237).  Saving model ...
Updating learning rate to 9.079177755349284e-06
	iters: 100, epoch: 2 | loss: 0.3104388
	speed: 1.5492s/iter; left time: 121318.9985s
	iters: 200, epoch: 2 | loss: 0.2989274
	speed: 0.4644s/iter; left time: 36318.7235s
	iters: 300, epoch: 2 | loss: 0.2800278
	speed: 0.4644s/iter; left time: 36274.1349s
	iters: 400, epoch: 2 | loss: 0.2764767
	speed: 0.4608s/iter; left time: 35948.0821s
	iters: 500, epoch: 2 | loss: 0.2829809
	speed: 0.4635s/iter; left time: 36110.4691s
	iters: 600, epoch: 2 | loss: 0.3026290
	speed: 0.4599s/iter; left time: 35786.7767s
	iters: 700, epoch: 2 | loss: 0.2916151
	speed: 0.4596s/iter; left time: 35718.3263s
Epoch: 2 cost time: 365.99322867393494
[2024-12-06 13:05:00] [32mIntermediate result: 0.19922765  (Index 1)[0m
Epoch: 2, Steps: 792 | Train Loss: 0.3037405 Vali Loss: 0.1766350 Test Loss: 0.1992276
Validation loss decreased (0.180237 --> 0.176635).  Saving model ...
Updating learning rate to 1.255686125265732e-05
	iters: 100, epoch: 3 | loss: 0.2853447
	speed: 1.5702s/iter; left time: 121713.6119s
	iters: 200, epoch: 3 | loss: 0.3012569
	speed: 0.4616s/iter; left time: 35734.1425s
	iters: 300, epoch: 3 | loss: 0.2712475
	speed: 0.4610s/iter; left time: 35641.1501s
	iters: 400, epoch: 3 | loss: 0.2701398
	speed: 0.4612s/iter; left time: 35616.2595s
	iters: 500, epoch: 3 | loss: 0.2957930
	speed: 0.4652s/iter; left time: 35875.1560s
	iters: 600, epoch: 3 | loss: 0.2692117
	speed: 0.4622s/iter; left time: 35598.1983s
	iters: 700, epoch: 3 | loss: 0.2748112
	speed: 0.4593s/iter; left time: 35324.8896s
Epoch: 3 cost time: 366.9462077617645
[2024-12-06 13:12:13] [32mIntermediate result: 0.19750658  (Index 2)[0m
Epoch: 3, Steps: 792 | Train Loss: 0.2816991 Vali Loss: 0.1746676 Test Loss: 0.1975066
Validation loss decreased (0.176635 --> 0.174668).  Saving model ...
Updating learning rate to 1.8257762876092902e-05
	iters: 100, epoch: 4 | loss: 0.2581481
	speed: 1.5508s/iter; left time: 118981.3721s
	iters: 200, epoch: 4 | loss: 0.2495017
	speed: 0.4605s/iter; left time: 35283.8334s
	iters: 300, epoch: 4 | loss: 0.2645145
	speed: 0.4577s/iter; left time: 35026.7156s
	iters: 400, epoch: 4 | loss: 0.2593334
	speed: 0.4612s/iter; left time: 35243.8354s
	iters: 500, epoch: 4 | loss: 0.2785265
	speed: 0.4588s/iter; left time: 35017.4219s
	iters: 600, epoch: 4 | loss: 0.2554767
	speed: 0.4580s/iter; left time: 34914.3884s
	iters: 700, epoch: 4 | loss: 0.2473770
	speed: 0.4628s/iter; left time: 35227.8332s
Epoch: 4 cost time: 365.2565953731537
[2024-12-06 13:19:25] [32mIntermediate result: 0.19033669  (Index 3)[0m
Epoch: 4, Steps: 792 | Train Loss: 0.2678840 Vali Loss: 0.1683386 Test Loss: 0.1903367
Validation loss decreased (0.174668 --> 0.168339).  Saving model ...
Updating learning rate to 2.6041489818136467e-05
	iters: 100, epoch: 5 | loss: 0.2475583
	speed: 1.5514s/iter; left time: 117801.0902s
	iters: 200, epoch: 5 | loss: 0.2725606
	speed: 0.4554s/iter; left time: 34537.7931s
	iters: 300, epoch: 5 | loss: 0.2450722
	speed: 0.4592s/iter; left time: 34779.6296s
	iters: 400, epoch: 5 | loss: 0.2463282
	speed: 0.4612s/iter; left time: 34884.1535s
	iters: 500, epoch: 5 | loss: 0.2358628
	speed: 0.4592s/iter; left time: 34684.5446s
	iters: 600, epoch: 5 | loss: 0.2643477
	speed: 0.4537s/iter; left time: 34222.0224s
	iters: 700, epoch: 5 | loss: 0.2421839
	speed: 0.4571s/iter; left time: 34433.1262s
Epoch: 5 cost time: 363.1500611305237
[2024-12-06 13:26:34] [32mIntermediate result: 0.18350764  (Index 4)[0m
Epoch: 5, Steps: 792 | Train Loss: 0.2556053 Vali Loss: 0.1622906 Test Loss: 0.1835076
Validation loss decreased (0.168339 --> 0.162291).  Saving model ...
Updating learning rate to 3.571635673661926e-05
	iters: 100, epoch: 6 | loss: 0.2721081
	speed: 1.5604s/iter; left time: 117252.2117s
	iters: 200, epoch: 6 | loss: 0.2930009
	speed: 0.4580s/iter; left time: 34370.9623s
	iters: 300, epoch: 6 | loss: 0.2407812
	speed: 0.4582s/iter; left time: 34340.6018s
	iters: 400, epoch: 6 | loss: 0.2413473
	speed: 0.4596s/iter; left time: 34395.7715s
	iters: 500, epoch: 6 | loss: 0.2387620
	speed: 0.4640s/iter; left time: 34679.3159s
	iters: 600, epoch: 6 | loss: 0.2491619
	speed: 0.4604s/iter; left time: 34365.6820s
	iters: 700, epoch: 6 | loss: 0.2344122
	speed: 0.4691s/iter; left time: 34967.9472s
Epoch: 6 cost time: 366.90182662010193
[2024-12-06 13:33:48] [32mIntermediate result: 0.17752396  (Index 5)[0m
Epoch: 6, Steps: 792 | Train Loss: 0.2427782 Vali Loss: 0.1562484 Test Loss: 0.1775240
Validation loss decreased (0.162291 --> 0.156248).  Saving model ...
Updating learning rate to 4.704410627879546e-05
	iters: 100, epoch: 7 | loss: 0.2529379
	speed: 1.5640s/iter; left time: 116283.0957s
	iters: 200, epoch: 7 | loss: 0.2384624
	speed: 0.4812s/iter; left time: 35729.4222s
	iters: 300, epoch: 7 | loss: 0.2263899
	speed: 0.4698s/iter; left time: 34832.4482s
	iters: 400, epoch: 7 | loss: 0.2080521
	speed: 0.4596s/iter; left time: 34029.7694s
	iters: 500, epoch: 7 | loss: 0.2229609
	speed: 0.4662s/iter; left time: 34473.4923s
	iters: 600, epoch: 7 | loss: 0.2004468
	speed: 0.4650s/iter; left time: 34343.0905s
	iters: 700, epoch: 7 | loss: 0.2146868
	speed: 0.4593s/iter; left time: 33874.2375s
Epoch: 7 cost time: 369.07474160194397
[2024-12-06 13:41:04] [32mIntermediate result: 0.16929364  (Index 6)[0m
Epoch: 7, Steps: 792 | Train Loss: 0.2342455 Vali Loss: 0.1490526 Test Loss: 0.1692936
Validation loss decreased (0.156248 --> 0.149053).  Saving model ...
Updating learning rate to 5.974577650738719e-05
	iters: 100, epoch: 8 | loss: 0.2263066
	speed: 1.5713s/iter; left time: 115582.4807s
	iters: 200, epoch: 8 | loss: 0.2512624
	speed: 0.4686s/iter; left time: 34425.2892s
	iters: 300, epoch: 8 | loss: 0.2513466
	speed: 0.4627s/iter; left time: 33939.5135s
	iters: 400, epoch: 8 | loss: 0.2495808
	speed: 0.4626s/iter; left time: 33887.5019s
	iters: 500, epoch: 8 | loss: 0.2059956
	speed: 0.4693s/iter; left time: 34334.7562s
	iters: 600, epoch: 8 | loss: 0.2324627
	speed: 0.4629s/iter; left time: 33819.6668s
	iters: 700, epoch: 8 | loss: 0.2051162
	speed: 0.4596s/iter; left time: 33530.5011s
Epoch: 8 cost time: 369.10923314094543
[2024-12-06 13:48:20] [32mIntermediate result: 0.16816661  (Index 7)[0m
Epoch: 8, Steps: 792 | Train Loss: 0.2268912 Vali Loss: 0.1471089 Test Loss: 0.1681666
Validation loss decreased (0.149053 --> 0.147109).  Saving model ...
Updating learning rate to 7.35085707348935e-05
	iters: 100, epoch: 9 | loss: 0.2248864
	speed: 1.5547s/iter; left time: 113130.9422s
	iters: 200, epoch: 9 | loss: 0.1997721
	speed: 0.4569s/iter; left time: 33200.5983s
	iters: 300, epoch: 9 | loss: 0.2126468
	speed: 0.4507s/iter; left time: 32704.5446s
	iters: 400, epoch: 9 | loss: 0.2141676
	speed: 0.4559s/iter; left time: 33036.4434s
	iters: 500, epoch: 9 | loss: 0.2564885
	speed: 0.4711s/iter; left time: 34088.6302s
	iters: 600, epoch: 9 | loss: 0.2126982
	speed: 0.4688s/iter; left time: 33875.4491s
	iters: 700, epoch: 9 | loss: 0.2023959
	speed: 0.4609s/iter; left time: 33261.9202s
Epoch: 9 cost time: 364.9611232280731
[2024-12-06 13:55:32] [32mIntermediate result: 0.16307802  (Index 8)[0m
Epoch: 9, Steps: 792 | Train Loss: 0.2204878 Vali Loss: 0.1422742 Test Loss: 0.1630780
Validation loss decreased (0.147109 --> 0.142274).  Saving model ...
Updating learning rate to 8.799356058672707e-05
	iters: 100, epoch: 10 | loss: 0.2308465
	speed: 1.5636s/iter; left time: 112535.4025s
	iters: 200, epoch: 10 | loss: 0.2080082
	speed: 0.4613s/iter; left time: 33158.0012s
	iters: 300, epoch: 10 | loss: 0.1983587
	speed: 0.4569s/iter; left time: 32796.0376s
	iters: 400, epoch: 10 | loss: 0.2111500
	speed: 0.4549s/iter; left time: 32601.5041s
	iters: 500, epoch: 10 | loss: 0.1969763
	speed: 0.4545s/iter; left time: 32527.9276s
	iters: 600, epoch: 10 | loss: 0.2138937
	speed: 0.4633s/iter; left time: 33113.1493s
	iters: 700, epoch: 10 | loss: 0.2051210
	speed: 0.4555s/iter; left time: 32508.6071s
Epoch: 10 cost time: 363.89644980430603
[2024-12-06 14:02:42] [32mIntermediate result: 0.1600132  (Index 9)[0m
Epoch: 10, Steps: 792 | Train Loss: 0.2153528 Vali Loss: 0.1389749 Test Loss: 0.1600132
Validation loss decreased (0.142274 --> 0.138975).  Saving model ...
Updating learning rate to 0.00010284403259429702
	iters: 100, epoch: 11 | loss: 0.1982817
	speed: 1.5431s/iter; left time: 109839.1049s
	iters: 200, epoch: 11 | loss: 0.2027950
	speed: 0.4496s/iter; left time: 31958.9899s
	iters: 300, epoch: 11 | loss: 0.2121463
	speed: 0.4462s/iter; left time: 31669.5827s
	iters: 400, epoch: 11 | loss: 0.2228162
	speed: 0.4566s/iter; left time: 32363.7954s
	iters: 500, epoch: 11 | loss: 0.1939834
	speed: 0.4546s/iter; left time: 32175.7680s
	iters: 600, epoch: 11 | loss: 0.2296081
	speed: 0.4553s/iter; left time: 32179.7806s
	iters: 700, epoch: 11 | loss: 0.1982534
	speed: 0.4415s/iter; left time: 31163.2181s
Epoch: 11 cost time: 357.73988008499146
[2024-12-06 14:09:47] [32mIntermediate result: 0.16212595  (Index 10)[0m
Epoch: 11, Steps: 792 | Train Loss: 0.2103252 Vali Loss: 0.1407014 Test Loss: 0.1621259
EarlyStopping counter: 1 out of 10
Updating learning rate to 0.00011769427277131694
	iters: 100, epoch: 12 | loss: 0.1987089
	speed: 1.5539s/iter; left time: 109374.6809s
	iters: 200, epoch: 12 | loss: 0.2019999
	speed: 0.4522s/iter; left time: 31782.6505s
	iters: 300, epoch: 12 | loss: 0.1910701
	speed: 0.4572s/iter; left time: 32090.9309s
	iters: 400, epoch: 12 | loss: 0.2115504
	speed: 0.4485s/iter; left time: 31435.7772s
	iters: 500, epoch: 12 | loss: 0.1914014
	speed: 0.4514s/iter; left time: 31594.1078s
	iters: 600, epoch: 12 | loss: 0.1825466
	speed: 0.4528s/iter; left time: 31642.9690s
	iters: 700, epoch: 12 | loss: 0.2013467
	speed: 0.4531s/iter; left time: 31622.9786s
Epoch: 12 cost time: 359.5327076911926
[2024-12-06 14:16:54] [32mIntermediate result: 0.16091679  (Index 11)[0m
Epoch: 12, Steps: 792 | Train Loss: 0.2050173 Vali Loss: 0.1388747 Test Loss: 0.1609168
Validation loss decreased (0.138975 --> 0.138875).  Saving model ...
Updating learning rate to 0.00013217857284065736
	iters: 100, epoch: 13 | loss: 0.2021421
	speed: 1.5461s/iter; left time: 107607.0582s
	iters: 200, epoch: 13 | loss: 0.1879984
	speed: 0.4684s/iter; left time: 32555.4702s
	iters: 300, epoch: 13 | loss: 0.2118207
	speed: 0.4504s/iter; left time: 31259.2897s
	iters: 400, epoch: 13 | loss: 0.1992967
	speed: 0.4538s/iter; left time: 31448.6469s
	iters: 500, epoch: 13 | loss: 0.2093389
	speed: 0.4579s/iter; left time: 31684.1819s
	iters: 600, epoch: 13 | loss: 0.1947498
	speed: 0.4513s/iter; left time: 31180.8746s
	iters: 700, epoch: 13 | loss: 0.2087684
	speed: 0.4512s/iter; left time: 31131.5924s
Epoch: 13 cost time: 360.37594628334045
[2024-12-06 14:24:01] [32mIntermediate result: 0.15732016  (Index 12)[0m
Epoch: 13, Steps: 792 | Train Loss: 0.2001597 Vali Loss: 0.1359060 Test Loss: 0.1573202
Validation loss decreased (0.138875 --> 0.135906).  Saving model ...
Updating learning rate to 0.00014594023632060198
	iters: 100, epoch: 14 | loss: 0.1975096
	speed: 1.5330s/iter; left time: 105475.4734s
	iters: 200, epoch: 14 | loss: 0.2223131
	speed: 0.4568s/iter; left time: 31382.7872s
	iters: 300, epoch: 14 | loss: 0.2014691
	speed: 0.4495s/iter; left time: 30838.7335s
	iters: 400, epoch: 14 | loss: 0.1855232
	speed: 0.4418s/iter; left time: 30266.0054s
	iters: 500, epoch: 14 | loss: 0.1760135
	speed: 0.4419s/iter; left time: 30225.5307s
	iters: 600, epoch: 14 | loss: 0.2015625
	speed: 0.4466s/iter; left time: 30504.7559s
	iters: 700, epoch: 14 | loss: 0.1997956
	speed: 0.4512s/iter; left time: 30772.9327s
Epoch: 14 cost time: 356.48030281066895
[2024-12-06 14:31:04] [32mIntermediate result: 0.15806422  (Index 13)[0m
Epoch: 14, Steps: 792 | Train Loss: 0.1954992 Vali Loss: 0.1356909 Test Loss: 0.1580642
Validation loss decreased (0.135906 --> 0.135691).  Saving model ...
Updating learning rate to 0.00015864036268282977
	iters: 100, epoch: 15 | loss: 0.1841203
	speed: 1.5498s/iter; left time: 105407.3426s
	iters: 200, epoch: 15 | loss: 0.1817740
	speed: 0.4615s/iter; left time: 31343.8374s
	iters: 300, epoch: 15 | loss: 0.2010329
	speed: 0.4557s/iter; left time: 30904.4463s
	iters: 400, epoch: 15 | loss: 0.1845670
	speed: 0.4541s/iter; left time: 30747.6645s
	iters: 500, epoch: 15 | loss: 0.1882243
	speed: 0.4534s/iter; left time: 30654.2148s
	iters: 600, epoch: 15 | loss: 0.1838368
	speed: 0.4546s/iter; left time: 30690.8424s
	iters: 700, epoch: 15 | loss: 0.1941485
	speed: 0.4715s/iter; left time: 31783.3025s
Epoch: 15 cost time: 361.8602440357208
[2024-12-06 14:38:14] [32mIntermediate result: 0.15633357  (Index 14)[0m
Epoch: 15, Steps: 792 | Train Loss: 0.1915549 Vali Loss: 0.1333930 Test Loss: 0.1563336
Validation loss decreased (0.135691 --> 0.133393).  Saving model ...
Updating learning rate to 0.0001699661932597439
	iters: 100, epoch: 16 | loss: 0.2141050
	speed: 1.5458s/iter; left time: 103910.1099s
	iters: 200, epoch: 16 | loss: 0.1847189
	speed: 0.4535s/iter; left time: 30440.4264s
	iters: 300, epoch: 16 | loss: 0.2009856
	speed: 0.4570s/iter; left time: 30629.3129s
	iters: 400, epoch: 16 | loss: 0.1922711
	speed: 0.4517s/iter; left time: 30225.6064s
	iters: 500, epoch: 16 | loss: 0.1787806
	speed: 0.4555s/iter; left time: 30437.5879s
	iters: 600, epoch: 16 | loss: 0.1816593
	speed: 0.4532s/iter; left time: 30238.4695s
	iters: 700, epoch: 16 | loss: 0.1933762
	speed: 0.4593s/iter; left time: 30596.5658s
Epoch: 16 cost time: 361.0661096572876
[2024-12-06 14:45:21] [32mIntermediate result: 0.15635826  (Index 15)[0m
Epoch: 16, Steps: 792 | Train Loss: 0.1885683 Vali Loss: 0.1332871 Test Loss: 0.1563583
Validation loss decreased (0.133393 --> 0.133287).  Saving model ...
Updating learning rate to 0.0001796388133713143
	iters: 100, epoch: 17 | loss: 0.1739856
	speed: 1.5476s/iter; left time: 102808.2250s
	iters: 200, epoch: 17 | loss: 0.1898867
	speed: 0.4573s/iter; left time: 30330.0107s
	iters: 300, epoch: 17 | loss: 0.2069548
	speed: 0.4631s/iter; left time: 30667.8054s
	iters: 400, epoch: 17 | loss: 0.1907920
	speed: 0.4507s/iter; left time: 29804.9777s
	iters: 500, epoch: 17 | loss: 0.1816626
	speed: 0.4616s/iter; left time: 30479.9789s
	iters: 600, epoch: 17 | loss: 0.1818218
	speed: 0.4589s/iter; left time: 30252.0261s
	iters: 700, epoch: 17 | loss: 0.1844339
	speed: 0.4554s/iter; left time: 29977.2154s
Epoch: 17 cost time: 362.5576615333557
[2024-12-06 14:52:30] [32mIntermediate result: 0.18878753  (Index 16)[0m
Epoch: 17, Steps: 792 | Train Loss: 0.1943068 Vali Loss: 0.2020970 Test Loss: 0.1887875
EarlyStopping counter: 1 out of 10
Updating learning rate to 0.00018742002099560976
	iters: 100, epoch: 18 | loss: 0.1963122
	speed: 1.5621s/iter; left time: 102528.3570s
	iters: 200, epoch: 18 | loss: 0.1886021
	speed: 0.4689s/iter; left time: 30728.7472s
	iters: 300, epoch: 18 | loss: 0.1994180
	speed: 0.4724s/iter; left time: 30909.8449s
	iters: 400, epoch: 18 | loss: 0.1951942
	speed: 0.4808s/iter; left time: 31410.8548s
	iters: 500, epoch: 18 | loss: 0.1866755
	speed: 0.4692s/iter; left time: 30607.9988s
	iters: 600, epoch: 18 | loss: 0.1760067
	speed: 0.4766s/iter; left time: 31044.8046s
	iters: 700, epoch: 18 | loss: 0.1862258
	speed: 0.4631s/iter; left time: 30121.8483s
Epoch: 18 cost time: 374.5012822151184
[2024-12-06 14:59:52] [32mIntermediate result: 0.16033939  (Index 17)[0m
Epoch: 18, Steps: 792 | Train Loss: 0.1912297 Vali Loss: 0.1376059 Test Loss: 0.1603394
EarlyStopping counter: 2 out of 10
Updating learning rate to 0.00019311819283224265
	iters: 100, epoch: 19 | loss: 0.2056496
	speed: 1.5736s/iter; left time: 102042.5138s
	iters: 200, epoch: 19 | loss: 0.1688116
	speed: 0.4594s/iter; left time: 29742.5244s
	iters: 300, epoch: 19 | loss: 0.1918574
	speed: 0.4634s/iter; left time: 29957.6551s
	iters: 400, epoch: 19 | loss: 0.1798870
	speed: 0.4588s/iter; left time: 29615.3154s
	iters: 500, epoch: 19 | loss: 0.1871362
	speed: 0.4616s/iter; left time: 29745.3008s
	iters: 600, epoch: 19 | loss: 0.1932961
	speed: 0.4571s/iter; left time: 29412.9483s
	iters: 700, epoch: 19 | loss: 0.1834555
	speed: 0.4526s/iter; left time: 29080.3968s
Epoch: 19 cost time: 363.7158784866333
[2024-12-06 15:07:02] [32mIntermediate result: 0.15899286  (Index 18)[0m
Epoch: 19, Steps: 792 | Train Loss: 0.1842565 Vali Loss: 0.1356852 Test Loss: 0.1589929
EarlyStopping counter: 3 out of 10
Updating learning rate to 0.00019659300329857453
	iters: 100, epoch: 20 | loss: 0.1867800
	speed: 1.5435s/iter; left time: 98865.8619s
	iters: 200, epoch: 20 | loss: 0.1736429
	speed: 0.4459s/iter; left time: 28518.0450s
	iters: 300, epoch: 20 | loss: 0.1800156
	speed: 0.4537s/iter; left time: 28966.9578s
	iters: 400, epoch: 20 | loss: 0.1827535
	speed: 0.4539s/iter; left time: 28939.9511s
	iters: 500, epoch: 20 | loss: 0.1894897
	speed: 0.4441s/iter; left time: 28268.2344s
	iters: 600, epoch: 20 | loss: 0.1892610
	speed: 0.4528s/iter; left time: 28775.4083s
	iters: 700, epoch: 20 | loss: 0.1837527
	speed: 0.4520s/iter; left time: 28682.9793s
Epoch: 20 cost time: 358.4122440814972
[2024-12-06 15:14:09] [32mIntermediate result: 0.156968  (Index 19)[0m
Epoch: 20, Steps: 792 | Train Loss: 0.1809644 Vali Loss: 0.1333999 Test Loss: 0.1569680
EarlyStopping counter: 4 out of 10
Updating learning rate to 0.00019775888199234672
	iters: 100, epoch: 21 | loss: 0.1776371
	speed: 1.5751s/iter; left time: 99643.6358s
	iters: 200, epoch: 21 | loss: 0.1768098
	speed: 0.4698s/iter; left time: 29674.7384s
	iters: 300, epoch: 21 | loss: 0.1900624
	speed: 0.4671s/iter; left time: 29458.7988s
	iters: 400, epoch: 21 | loss: 0.1758588
	speed: 0.4691s/iter; left time: 29535.8425s
	iters: 500, epoch: 21 | loss: 0.1749449
	speed: 0.4653s/iter; left time: 29247.0842s
	iters: 600, epoch: 21 | loss: 0.1752141
	speed: 0.4670s/iter; left time: 29307.2230s
	iters: 700, epoch: 21 | loss: 0.1689923
	speed: 0.4633s/iter; left time: 29031.0855s
Epoch: 21 cost time: 369.19544792175293
[2024-12-06 15:21:25] [32mIntermediate result: 0.15264331  (Index 20)[0m
Epoch: 21, Steps: 792 | Train Loss: 0.1789494 Vali Loss: 0.1286945 Test Loss: 0.1526433
Validation loss decreased (0.133287 --> 0.128694).  Saving model ...
Updating learning rate to 0.0001976824573510613
	iters: 100, epoch: 22 | loss: 0.1752816
	speed: 1.5489s/iter; left time: 96756.2137s
	iters: 200, epoch: 22 | loss: 0.1800497
	speed: 0.4703s/iter; left time: 29332.9228s
	iters: 300, epoch: 22 | loss: 0.1688634
	speed: 0.4773s/iter; left time: 29719.4836s
	iters: 400, epoch: 22 | loss: 0.1861892
	speed: 0.4731s/iter; left time: 29412.1183s
	iters: 500, epoch: 22 | loss: 0.1748609
	speed: 0.4596s/iter; left time: 28527.1047s
	iters: 600, epoch: 22 | loss: 0.1940252
	speed: 0.4506s/iter; left time: 27922.0386s
	iters: 700, epoch: 22 | loss: 0.1729773
	speed: 0.4611s/iter; left time: 28529.5637s
Epoch: 22 cost time: 367.99022698402405
[2024-12-06 15:28:40] [32mIntermediate result: 0.15357341  (Index 21)[0m
Epoch: 22, Steps: 792 | Train Loss: 0.1776353 Vali Loss: 0.1290224 Test Loss: 0.1535734
EarlyStopping counter: 1 out of 10
Updating learning rate to 0.00019745368622989552
	iters: 100, epoch: 23 | loss: 0.1739478
	speed: 1.5564s/iter; left time: 95994.5064s
	iters: 200, epoch: 23 | loss: 0.1754111
	speed: 0.4643s/iter; left time: 28591.5370s
	iters: 300, epoch: 23 | loss: 0.1902319
	speed: 0.4652s/iter; left time: 28600.5507s
	iters: 400, epoch: 23 | loss: 0.1886175
	speed: 0.4589s/iter; left time: 28164.0093s
	iters: 500, epoch: 23 | loss: 0.1831344
	speed: 0.4596s/iter; left time: 28162.3193s
	iters: 600, epoch: 23 | loss: 0.1772897
	speed: 0.4600s/iter; left time: 28141.2440s
	iters: 700, epoch: 23 | loss: 0.1944774
	speed: 0.4566s/iter; left time: 27884.7633s
Epoch: 23 cost time: 364.74399638175964
[2024-12-06 15:35:52] [32mIntermediate result: 0.15263678  (Index 22)[0m
Epoch: 23, Steps: 792 | Train Loss: 0.1761783 Vali Loss: 0.1283753 Test Loss: 0.1526368
Validation loss decreased (0.128694 --> 0.128375).  Saving model ...
Updating learning rate to 0.0001970729213773366
	iters: 100, epoch: 24 | loss: 0.1681419
	speed: 1.5606s/iter; left time: 95014.2523s
	iters: 200, epoch: 24 | loss: 0.1819589
	speed: 0.4529s/iter; left time: 27529.1610s
	iters: 300, epoch: 24 | loss: 0.1837129
	speed: 0.4635s/iter; left time: 28125.1048s
	iters: 400, epoch: 24 | loss: 0.1796760
	speed: 0.4647s/iter; left time: 28151.0285s
	iters: 500, epoch: 24 | loss: 0.1683106
	speed: 0.4622s/iter; left time: 27957.6346s
	iters: 600, epoch: 24 | loss: 0.1716459
	speed: 0.4629s/iter; left time: 27949.5319s
	iters: 700, epoch: 24 | loss: 0.1820037
	speed: 0.4535s/iter; left time: 27341.1184s
Epoch: 24 cost time: 364.3568232059479
[2024-12-06 15:43:02] [32mIntermediate result: 0.15618202  (Index 23)[0m
Epoch: 24, Steps: 792 | Train Loss: 0.1746284 Vali Loss: 0.1319813 Test Loss: 0.1561820
EarlyStopping counter: 1 out of 10
Updating learning rate to 0.00019654074990518882
	iters: 100, epoch: 25 | loss: 0.1726650
	speed: 1.5392s/iter; left time: 92497.4526s
	iters: 200, epoch: 25 | loss: 0.1570587
	speed: 0.4588s/iter; left time: 27522.7454s
	iters: 300, epoch: 25 | loss: 0.1690356
	speed: 0.4573s/iter; left time: 27388.4150s
	iters: 400, epoch: 25 | loss: 0.1700900
	speed: 0.4533s/iter; left time: 27106.2388s
	iters: 500, epoch: 25 | loss: 0.1849702
	speed: 0.4538s/iter; left time: 27087.4413s
	iters: 600, epoch: 25 | loss: 0.1762015
	speed: 0.4492s/iter; left time: 26769.0748s
	iters: 700, epoch: 25 | loss: 0.1725572
	speed: 0.4476s/iter; left time: 26629.4098s
Epoch: 25 cost time: 359.7487998008728
[2024-12-06 15:50:09] [32mIntermediate result: 0.15156445  (Index 24)[0m
Epoch: 25, Steps: 792 | Train Loss: 0.1736904 Vali Loss: 0.1268276 Test Loss: 0.1515644
Validation loss decreased (0.128375 --> 0.126828).  Saving model ...
Updating learning rate to 0.0001958579923832896
	iters: 100, epoch: 26 | loss: 0.1634308
	speed: 1.5422s/iter; left time: 91456.7550s
	iters: 200, epoch: 26 | loss: 0.1663585
	speed: 0.4525s/iter; left time: 26789.3030s
	iters: 300, epoch: 26 | loss: 0.1773024
	speed: 0.4506s/iter; left time: 26633.3725s
	iters: 400, epoch: 26 | loss: 0.1738269
	speed: 0.4642s/iter; left time: 27388.2412s
	iters: 500, epoch: 26 | loss: 0.1783643
	speed: 0.4571s/iter; left time: 26922.9787s
	iters: 600, epoch: 26 | loss: 0.1619050
	speed: 0.4548s/iter; left time: 26740.0199s
	iters: 700, epoch: 26 | loss: 0.1743644
	speed: 0.4561s/iter; left time: 26770.8746s
Epoch: 26 cost time: 361.44080781936646
[2024-12-06 15:57:17] [32mIntermediate result: 0.15131699  (Index 25)[0m
Epoch: 26, Steps: 792 | Train Loss: 0.1726436 Vali Loss: 0.1270719 Test Loss: 0.1513170
EarlyStopping counter: 1 out of 10
Updating learning rate to 0.00019502570157425053
	iters: 100, epoch: 27 | loss: 0.1804787
	speed: 1.5405s/iter; left time: 90133.3990s
	iters: 200, epoch: 27 | loss: 0.1567725
	speed: 0.4442s/iter; left time: 25943.9651s
	iters: 300, epoch: 27 | loss: 0.1601316
	speed: 0.4477s/iter; left time: 26103.9232s
	iters: 400, epoch: 27 | loss: 0.1643626
	speed: 0.4360s/iter; left time: 25378.5785s
	iters: 500, epoch: 27 | loss: 0.1705869
	speed: 0.4336s/iter; left time: 25196.1692s
	iters: 600, epoch: 27 | loss: 0.1764413
	speed: 0.4365s/iter; left time: 25318.1437s
	iters: 700, epoch: 27 | loss: 0.1792434
	speed: 0.4403s/iter; left time: 25497.2994s
Epoch: 27 cost time: 349.8773732185364
[2024-12-06 16:04:13] [32mIntermediate result: 0.15160723  (Index 26)[0m
Epoch: 27, Steps: 792 | Train Loss: 0.1717960 Vali Loss: 0.1260396 Test Loss: 0.1516072
Validation loss decreased (0.126828 --> 0.126040).  Saving model ...
Updating learning rate to 0.00019404516081017348
	iters: 100, epoch: 28 | loss: 0.1790328
	speed: 1.5224s/iter; left time: 87867.9784s
	iters: 200, epoch: 28 | loss: 0.1716839
	speed: 0.4522s/iter; left time: 26052.2436s
	iters: 300, epoch: 28 | loss: 0.1729664
	speed: 0.4517s/iter; left time: 25978.3591s
	iters: 400, epoch: 28 | loss: 0.1760930
	speed: 0.4607s/iter; left time: 26452.6455s
	iters: 500, epoch: 28 | loss: 0.1658676
	speed: 0.4578s/iter; left time: 26242.5675s
	iters: 600, epoch: 28 | loss: 0.1664076
	speed: 0.4523s/iter; left time: 25877.4777s
	iters: 700, epoch: 28 | loss: 0.1912909
	speed: 0.4551s/iter; left time: 25994.9190s
Epoch: 28 cost time: 360.84273409843445
[2024-12-06 16:11:19] [32mIntermediate result: 0.15330717  (Index 27)[0m
Epoch: 28, Steps: 792 | Train Loss: 0.1708038 Vali Loss: 0.1270535 Test Loss: 0.1533072
EarlyStopping counter: 1 out of 10
Updating learning rate to 0.00019291788201384564
	iters: 100, epoch: 29 | loss: 0.1642978
	speed: 1.5387s/iter; left time: 87589.3311s
	iters: 200, epoch: 29 | loss: 0.1647557
	speed: 0.4594s/iter; left time: 26103.7679s
	iters: 300, epoch: 29 | loss: 0.1553356
	speed: 0.4532s/iter; left time: 25708.3320s
	iters: 400, epoch: 29 | loss: 0.1735436
	speed: 0.4558s/iter; left time: 25810.1687s
	iters: 500, epoch: 29 | loss: 0.1812684
	speed: 0.4579s/iter; left time: 25881.7696s
	iters: 600, epoch: 29 | loss: 0.1814497
	speed: 0.4575s/iter; left time: 25811.7391s
	iters: 700, epoch: 29 | loss: 0.1678499
	speed: 0.4584s/iter; left time: 25822.1752s
Epoch: 29 cost time: 362.65523529052734
[2024-12-06 16:18:28] [32mIntermediate result: 0.14981444  (Index 28)[0m
Epoch: 29, Steps: 792 | Train Loss: 0.1699824 Vali Loss: 0.1243926 Test Loss: 0.1498144
Validation loss decreased (0.126040 --> 0.124393).  Saving model ...
Updating learning rate to 0.00019164560336746417
	iters: 100, epoch: 30 | loss: 0.1652119
	speed: 1.5542s/iter; left time: 87241.2713s
	iters: 200, epoch: 30 | loss: 0.1791122
	speed: 0.4613s/iter; left time: 25846.7536s
	iters: 300, epoch: 30 | loss: 0.1880005
	speed: 0.4603s/iter; left time: 25743.9696s
	iters: 400, epoch: 30 | loss: 0.1673744
	speed: 0.4645s/iter; left time: 25935.7170s
	iters: 500, epoch: 30 | loss: 0.1790543
	speed: 0.4618s/iter; left time: 25738.2234s
	iters: 600, epoch: 30 | loss: 0.1615466
	speed: 0.4618s/iter; left time: 25691.7642s
	iters: 700, epoch: 30 | loss: 0.1692808
	speed: 0.4589s/iter; left time: 25483.5659s
Epoch: 30 cost time: 365.8014256954193
[2024-12-06 16:25:41] [32mIntermediate result: 0.15064849  (Index 29)[0m
Epoch: 30, Steps: 792 | Train Loss: 0.1691151 Vali Loss: 0.1247547 Test Loss: 0.1506485
EarlyStopping counter: 1 out of 10
Updating learning rate to 0.00019023028663248516
	iters: 100, epoch: 31 | loss: 0.1651739
	speed: 1.5557s/iter; left time: 86091.3405s
	iters: 200, epoch: 31 | loss: 0.1713748
	speed: 0.4521s/iter; left time: 24972.6701s
	iters: 300, epoch: 31 | loss: 0.1602566
	speed: 0.4463s/iter; left time: 24610.4705s
	iters: 400, epoch: 31 | loss: 0.1728442
	speed: 0.4493s/iter; left time: 24731.6423s
	iters: 500, epoch: 31 | loss: 0.1725967
	speed: 0.4560s/iter; left time: 25054.3406s
	iters: 600, epoch: 31 | loss: 0.1756729
	speed: 0.4598s/iter; left time: 25215.6629s
	iters: 700, epoch: 31 | loss: 0.1670027
	speed: 0.4491s/iter; left time: 24583.0444s
Epoch: 31 cost time: 358.8299491405487
[2024-12-06 16:32:46] [32mIntermediate result: 0.15097928  (Index 30)[0m
Epoch: 31, Steps: 792 | Train Loss: 0.1685845 Vali Loss: 0.1254588 Test Loss: 0.1509793
EarlyStopping counter: 2 out of 10
Updating learning rate to 0.00018867411412472974
	iters: 100, epoch: 32 | loss: 0.1576794
	speed: 1.5329s/iter; left time: 83616.7782s
	iters: 200, epoch: 32 | loss: 0.1658784
	speed: 0.4536s/iter; left time: 24699.7038s
	iters: 300, epoch: 32 | loss: 0.1686126
	speed: 0.4557s/iter; left time: 24768.9932s
	iters: 400, epoch: 32 | loss: 0.1702446
	speed: 0.4506s/iter; left time: 24447.0152s
	iters: 500, epoch: 32 | loss: 0.1750396
	speed: 0.4535s/iter; left time: 24555.7279s
	iters: 600, epoch: 32 | loss: 0.1701482
	speed: 0.4542s/iter; left time: 24547.4804s
	iters: 700, epoch: 32 | loss: 0.1668628
	speed: 0.4545s/iter; left time: 24517.1746s
Epoch: 32 cost time: 360.0192210674286
[2024-12-06 16:39:53] [32mIntermediate result: 0.14961898  (Index 31)[0m
Epoch: 32, Steps: 792 | Train Loss: 0.1677931 Vali Loss: 0.1233357 Test Loss: 0.1496190
Validation loss decreased (0.124393 --> 0.123336).  Saving model ...
Updating learning rate to 0.00018697948534941128
	iters: 100, epoch: 33 | loss: 0.1492321
	speed: 1.5527s/iter; left time: 83470.4987s
	iters: 200, epoch: 33 | loss: 0.1735545
	speed: 0.4557s/iter; left time: 24452.0601s
	iters: 300, epoch: 33 | loss: 0.1634058
	speed: 0.4550s/iter; left time: 24367.3223s
	iters: 400, epoch: 33 | loss: 0.1631164
	speed: 0.4559s/iter; left time: 24373.0267s
	iters: 500, epoch: 33 | loss: 0.1692441
	speed: 0.4551s/iter; left time: 24284.9256s
	iters: 600, epoch: 33 | loss: 0.1736819
	speed: 0.4531s/iter; left time: 24130.4622s
	iters: 700, epoch: 33 | loss: 0.1651448
	speed: 0.4546s/iter; left time: 24164.8547s
Epoch: 33 cost time: 361.05705881118774
[2024-12-06 16:47:01] [32mIntermediate result: 0.15070726  (Index 32)[0m
Epoch: 33, Steps: 792 | Train Loss: 0.1671371 Vali Loss: 0.1242373 Test Loss: 0.1507073
EarlyStopping counter: 1 out of 10
Updating learning rate to 0.00018514901330127218
	iters: 100, epoch: 34 | loss: 0.1697954
	speed: 1.5494s/iter; left time: 82061.4201s
	iters: 200, epoch: 34 | loss: 0.1745562
	speed: 0.4544s/iter; left time: 24019.9885s
	iters: 300, epoch: 34 | loss: 0.1815947
	speed: 0.4626s/iter; left time: 24411.5141s
	iters: 400, epoch: 34 | loss: 0.1623843
	speed: 0.4538s/iter; left time: 23901.7118s
	iters: 500, epoch: 34 | loss: 0.1691014
	speed: 0.4569s/iter; left time: 24017.9212s
	iters: 600, epoch: 34 | loss: 0.1597865
	speed: 0.4535s/iter; left time: 23790.7332s
	iters: 700, epoch: 34 | loss: 0.1711626
	speed: 0.4578s/iter; left time: 23975.0597s
Epoch: 34 cost time: 362.37781143188477
[2024-12-06 16:54:10] [32mIntermediate result: 0.14890052  (Index 33)[0m
Epoch: 34, Steps: 792 | Train Loss: 0.1665576 Vali Loss: 0.1239776 Test Loss: 0.1489005
EarlyStopping counter: 2 out of 10
Updating learning rate to 0.00018318552043553537
	iters: 100, epoch: 35 | loss: 0.1696949
	speed: 1.5545s/iter; left time: 81100.5820s
	iters: 200, epoch: 35 | loss: 0.1711013
	speed: 0.4599s/iter; left time: 23950.6079s
	iters: 300, epoch: 35 | loss: 0.1646999
	speed: 0.4609s/iter; left time: 23956.9234s
	iters: 400, epoch: 35 | loss: 0.1699844
	speed: 0.4576s/iter; left time: 23735.1228s
	iters: 500, epoch: 35 | loss: 0.1776514
	speed: 0.4594s/iter; left time: 23784.6452s
	iters: 600, epoch: 35 | loss: 0.1728639
	speed: 0.4609s/iter; left time: 23814.1757s
	iters: 700, epoch: 35 | loss: 0.1619089
	speed: 0.4647s/iter; left time: 23965.9869s
Epoch: 35 cost time: 365.21702098846436
[2024-12-06 17:01:21] [32mIntermediate result: 0.14943467  (Index 34)[0m
Epoch: 35, Steps: 792 | Train Loss: 0.1661745 Vali Loss: 0.1232359 Test Loss: 0.1494347
Validation loss decreased (0.123336 --> 0.123236).  Saving model ...
Updating learning rate to 0.00018109203431588303
	iters: 100, epoch: 36 | loss: 0.1636861
	speed: 1.5490s/iter; left time: 79590.5918s
	iters: 200, epoch: 36 | loss: 0.1620795
	speed: 0.4587s/iter; left time: 23523.7969s
	iters: 300, epoch: 36 | loss: 0.1590815
	speed: 0.4588s/iter; left time: 23482.1257s
	iters: 400, epoch: 36 | loss: 0.1749990
	speed: 0.4570s/iter; left time: 23343.6785s
	iters: 500, epoch: 36 | loss: 0.1692968
	speed: 0.4527s/iter; left time: 23079.9735s
	iters: 600, epoch: 36 | loss: 0.1642169
	speed: 0.4510s/iter; left time: 22946.2006s
	iters: 700, epoch: 36 | loss: 0.1738639
	speed: 0.4497s/iter; left time: 22835.7502s
Epoch: 36 cost time: 360.4542570114136
[2024-12-06 17:08:28] [32mIntermediate result: 0.1486659  (Index 35)[0m
Epoch: 36, Steps: 792 | Train Loss: 0.1655895 Vali Loss: 0.1230839 Test Loss: 0.1486659
Validation loss decreased (0.123236 --> 0.123084).  Saving model ...
Updating learning rate to 0.00017887178294617278
	iters: 100, epoch: 37 | loss: 0.1771685
	speed: 1.5410s/iter; left time: 77959.9071s
	iters: 200, epoch: 37 | loss: 0.1534678
	speed: 0.4572s/iter; left time: 23081.9814s
	iters: 300, epoch: 37 | loss: 0.1492802
	speed: 0.4570s/iter; left time: 23028.7196s
	iters: 400, epoch: 37 | loss: 0.1599297
	speed: 0.4529s/iter; left time: 22778.3812s
	iters: 500, epoch: 37 | loss: 0.1720333
	speed: 0.4449s/iter; left time: 22330.7415s
	iters: 600, epoch: 37 | loss: 0.1573813
	speed: 0.4538s/iter; left time: 22731.5494s
	iters: 700, epoch: 37 | loss: 0.1639990
	speed: 0.4576s/iter; left time: 22873.6013s
Epoch: 37 cost time: 360.74982714653015
[2024-12-06 17:15:36] [32mIntermediate result: 0.14924172  (Index 36)[0m
Epoch: 37, Steps: 792 | Train Loss: 0.1650772 Vali Loss: 0.1238246 Test Loss: 0.1492417
EarlyStopping counter: 1 out of 10
Updating learning rate to 0.00017652818979308963
	iters: 100, epoch: 38 | loss: 0.1578699
	speed: 1.5562s/iter; left time: 77493.8329s
	iters: 200, epoch: 38 | loss: 0.1563980
	speed: 0.4576s/iter; left time: 22742.6568s
	iters: 300, epoch: 38 | loss: 0.1604040
	speed: 0.4516s/iter; left time: 22399.8296s
	iters: 400, epoch: 38 | loss: 0.1511474
	speed: 0.4517s/iter; left time: 22359.7094s
	iters: 500, epoch: 38 | loss: 0.1674008
	speed: 0.4389s/iter; left time: 21681.2608s
	iters: 600, epoch: 38 | loss: 0.1816057
	speed: 0.4379s/iter; left time: 21586.4706s
	iters: 700, epoch: 38 | loss: 0.1650554
	speed: 0.4495s/iter; left time: 22112.3159s
Epoch: 38 cost time: 357.1010766029358
[2024-12-06 17:22:40] [32mIntermediate result: 0.15005586  (Index 37)[0m
Epoch: 38, Steps: 792 | Train Loss: 0.1646385 Vali Loss: 0.1243356 Test Loss: 0.1500559
EarlyStopping counter: 2 out of 10
Updating learning rate to 0.00017406486850740868
	iters: 100, epoch: 39 | loss: 0.1592508
	speed: 1.5461s/iter; left time: 75764.9437s
	iters: 200, epoch: 39 | loss: 0.1681411
	speed: 0.4697s/iter; left time: 22971.1184s
	iters: 300, epoch: 39 | loss: 0.1661841
	speed: 0.4628s/iter; left time: 22588.4415s
	iters: 400, epoch: 39 | loss: 0.1834140
	speed: 0.4621s/iter; left time: 22506.0212s
	iters: 500, epoch: 39 | loss: 0.1636097
	speed: 0.4669s/iter; left time: 22695.5650s
	iters: 600, epoch: 39 | loss: 0.1518646
	speed: 0.4536s/iter; left time: 22000.5314s
	iters: 700, epoch: 39 | loss: 0.1576923
	speed: 0.4523s/iter; left time: 21893.9151s
Epoch: 39 cost time: 364.95990467071533
[2024-12-06 17:29:51] [32mIntermediate result: 0.14976777  (Index 38)[0m
Epoch: 39, Steps: 792 | Train Loss: 0.1642920 Vali Loss: 0.1239831 Test Loss: 0.1497678
EarlyStopping counter: 3 out of 10
Updating learning rate to 0.00017148561735200733
	iters: 100, epoch: 40 | loss: 0.1569125
	speed: 1.5448s/iter; left time: 74478.2142s
	iters: 200, epoch: 40 | loss: 0.1543158
	speed: 0.4538s/iter; left time: 21835.1767s
	iters: 300, epoch: 40 | loss: 0.1689508
	speed: 0.4389s/iter; left time: 21074.6026s
	iters: 400, epoch: 40 | loss: 0.1571771
	speed: 0.4398s/iter; left time: 21069.7545s
	iters: 500, epoch: 40 | loss: 0.1673837
	speed: 0.4392s/iter; left time: 21001.4387s
	iters: 600, epoch: 40 | loss: 0.1751092
	speed: 0.4397s/iter; left time: 20981.2469s
	iters: 700, epoch: 40 | loss: 0.1593751
	speed: 0.4550s/iter; left time: 21665.5217s
Epoch: 40 cost time: 354.80107593536377
[2024-12-06 17:36:52] [32mIntermediate result: 0.14829318  (Index 39)[0m
Epoch: 40, Steps: 792 | Train Loss: 0.1637950 Vali Loss: 0.1225152 Test Loss: 0.1482932
Validation loss decreased (0.123084 --> 0.122515).  Saving model ...
Updating learning rate to 0.00016879441334521932
	iters: 100, epoch: 41 | loss: 0.1679356
	speed: 1.5450s/iter; left time: 73263.6048s
	iters: 200, epoch: 41 | loss: 0.1681418
	speed: 0.4564s/iter; left time: 21598.3144s
	iters: 300, epoch: 41 | loss: 0.1631372
	speed: 0.4499s/iter; left time: 21245.0279s
	iters: 400, epoch: 41 | loss: 0.1618324
	speed: 0.4566s/iter; left time: 21516.4386s
	iters: 500, epoch: 41 | loss: 0.1765247
	speed: 0.4595s/iter; left time: 21607.0973s
	iters: 600, epoch: 41 | loss: 0.1736542
	speed: 0.4562s/iter; left time: 21403.0687s
	iters: 700, epoch: 41 | loss: 0.1610281
	speed: 0.4533s/iter; left time: 21223.1626s
Epoch: 41 cost time: 361.29304003715515
[2024-12-06 17:44:00] [32mIntermediate result: 0.14766286  (Index 40)[0m
Epoch: 41, Steps: 792 | Train Loss: 0.1634081 Vali Loss: 0.1223664 Test Loss: 0.1476629
Validation loss decreased (0.122515 --> 0.122366).  Saving model ...
Updating learning rate to 0.00016599540612856085
	iters: 100, epoch: 42 | loss: 0.1711583
	speed: 1.5423s/iter; left time: 71913.6470s
	iters: 200, epoch: 42 | loss: 0.1539473
	speed: 0.4599s/iter; left time: 21400.6825s
	iters: 300, epoch: 42 | loss: 0.1514646
	speed: 0.4544s/iter; left time: 21097.4512s
	iters: 400, epoch: 42 | loss: 0.1633032
	speed: 0.4581s/iter; left time: 21222.3147s
	iters: 500, epoch: 42 | loss: 0.1604470
	speed: 0.4580s/iter; left time: 21173.7827s
	iters: 600, epoch: 42 | loss: 0.1655277
	speed: 0.4590s/iter; left time: 21174.9819s
	iters: 700, epoch: 42 | loss: 0.1739287
	speed: 0.4584s/iter; left time: 21100.1585s
Epoch: 42 cost time: 363.04739236831665
[2024-12-06 17:51:09] [32mIntermediate result: 0.14805934  (Index 41)[0m
Epoch: 42, Steps: 792 | Train Loss: 0.1630992 Vali Loss: 0.1223751 Test Loss: 0.1480593
EarlyStopping counter: 1 out of 10
Updating learning rate to 0.00016309291156828385
	iters: 100, epoch: 43 | loss: 0.1497734
	speed: 1.5538s/iter; left time: 71220.6144s
	iters: 200, epoch: 43 | loss: 0.1627976
	speed: 0.4545s/iter; left time: 20787.2144s
	iters: 300, epoch: 43 | loss: 0.1559378
	speed: 0.4600s/iter; left time: 20993.8637s
	iters: 400, epoch: 43 | loss: 0.1706461
	speed: 0.4562s/iter; left time: 20773.6044s
	iters: 500, epoch: 43 | loss: 0.1693172
	speed: 0.4589s/iter; left time: 20850.3348s
	iters: 600, epoch: 43 | loss: 0.1591376
	speed: 0.4564s/iter; left time: 20693.5440s
	iters: 700, epoch: 43 | loss: 0.1560379
	speed: 0.4581s/iter; left time: 20721.8654s
Epoch: 43 cost time: 363.0977084636688
[2024-12-06 17:58:19] [32mIntermediate result: 0.14939241  (Index 42)[0m
Epoch: 43, Steps: 792 | Train Loss: 0.1628224 Vali Loss: 0.1234882 Test Loss: 0.1493924
EarlyStopping counter: 2 out of 10
Updating learning rate to 0.00016009140510062328
	iters: 100, epoch: 44 | loss: 0.1648796
	speed: 1.5556s/iter; left time: 70071.5136s
	iters: 200, epoch: 44 | loss: 0.1709160
	speed: 0.4604s/iter; left time: 20690.6358s
	iters: 300, epoch: 44 | loss: 0.1663124
	speed: 0.4585s/iter; left time: 20559.4746s
	iters: 400, epoch: 44 | loss: 0.1546334
	speed: 0.4586s/iter; left time: 20518.3339s
	iters: 500, epoch: 44 | loss: 0.1566774
	speed: 0.4613s/iter; left time: 20593.8359s
	iters: 600, epoch: 44 | loss: 0.1661767
	speed: 0.4559s/iter; left time: 20306.9375s
	iters: 700, epoch: 44 | loss: 0.1821133
	speed: 0.4558s/iter; left time: 20257.2127s
Epoch: 44 cost time: 363.8743712902069
[2024-12-06 18:05:29] [32mIntermediate result: 0.14822258  (Index 43)[0m
Epoch: 44, Steps: 792 | Train Loss: 0.1623899 Vali Loss: 0.1224942 Test Loss: 0.1482226
EarlyStopping counter: 3 out of 10
Updating learning rate to 0.0001569955148309987
	iters: 100, epoch: 45 | loss: 0.1701049
	speed: 1.5424s/iter; left time: 68256.6391s
	iters: 200, epoch: 45 | loss: 0.1528057
	speed: 0.4586s/iter; left time: 20249.1232s
	iters: 300, epoch: 45 | loss: 0.1593449
	speed: 0.4574s/iter; left time: 20147.8325s
	iters: 400, epoch: 45 | loss: 0.1718224
	speed: 0.4527s/iter; left time: 19896.8723s
	iters: 500, epoch: 45 | loss: 0.1552211
	speed: 0.4531s/iter; left time: 19867.6732s
	iters: 600, epoch: 45 | loss: 0.1569763
	speed: 0.4547s/iter; left time: 19893.9986s
	iters: 700, epoch: 45 | loss: 0.1601121
	speed: 0.4543s/iter; left time: 19829.7384s
Epoch: 45 cost time: 361.6615662574768
[2024-12-06 18:12:38] [32mIntermediate result: 0.14911585  (Index 44)[0m
Epoch: 45, Steps: 792 | Train Loss: 0.1621245 Vali Loss: 0.1232928 Test Loss: 0.1491158
EarlyStopping counter: 4 out of 10
Updating learning rate to 0.00015381001439781139
	iters: 100, epoch: 46 | loss: 0.1627799
	speed: 1.5561s/iter; left time: 67630.8862s
	iters: 200, epoch: 46 | loss: 0.1533153
	speed: 0.4621s/iter; left time: 20037.0992s
	iters: 300, epoch: 46 | loss: 0.1789594
	speed: 0.4640s/iter; left time: 20071.4144s
	iters: 400, epoch: 46 | loss: 0.1603660
	speed: 0.4597s/iter; left time: 19841.4046s
	iters: 500, epoch: 46 | loss: 0.1601989
	speed: 0.4559s/iter; left time: 19631.0967s
	iters: 600, epoch: 46 | loss: 0.1701302
	speed: 0.4532s/iter; left time: 19468.3027s
	iters: 700, epoch: 46 | loss: 0.1654442
	speed: 0.4571s/iter; left time: 19592.8493s
Epoch: 46 cost time: 363.52996277809143
[2024-12-06 18:19:47] [32mIntermediate result: 0.14889158  (Index 45)[0m
Epoch: 46, Steps: 792 | Train Loss: 0.1618042 Vali Loss: 0.1221228 Test Loss: 0.1488916
Validation loss decreased (0.122366 --> 0.122123).  Saving model ...
Updating learning rate to 0.0001505398156118395
	iters: 100, epoch: 47 | loss: 0.1601427
	speed: 1.5492s/iter; left time: 66104.5313s
	iters: 200, epoch: 47 | loss: 0.1576240
	speed: 0.4561s/iter; left time: 19416.8746s
	iters: 300, epoch: 47 | loss: 0.1749050
	speed: 0.4572s/iter; left time: 19415.8747s
	iters: 400, epoch: 47 | loss: 0.1558115
	speed: 0.4591s/iter; left time: 19453.6393s
	iters: 500, epoch: 47 | loss: 0.1563455
	speed: 0.4563s/iter; left time: 19285.5271s
	iters: 600, epoch: 47 | loss: 0.1605262
	speed: 0.4586s/iter; left time: 19339.9133s
	iters: 700, epoch: 47 | loss: 0.1457615
	speed: 0.4565s/iter; left time: 19206.1509s
Epoch: 47 cost time: 363.52755761146545
[2024-12-06 18:26:57] [32mIntermediate result: 0.1492995  (Index 46)[0m
Epoch: 47, Steps: 792 | Train Loss: 0.1615305 Vali Loss: 0.1230925 Test Loss: 0.1492995
EarlyStopping counter: 1 out of 10
Updating learning rate to 0.00014718996088258237
	iters: 100, epoch: 48 | loss: 0.1642773
	speed: 1.5508s/iter; left time: 64944.4900s
	iters: 200, epoch: 48 | loss: 0.1524127
	speed: 0.4575s/iter; left time: 19114.0553s
	iters: 300, epoch: 48 | loss: 0.1618990
	speed: 0.4614s/iter; left time: 19227.7667s
	iters: 400, epoch: 48 | loss: 0.1666091
	speed: 0.4572s/iter; left time: 19007.6828s
	iters: 500, epoch: 48 | loss: 0.1543052
	speed: 0.4595s/iter; left time: 19060.3781s
	iters: 600, epoch: 48 | loss: 0.1526401
	speed: 0.4483s/iter; left time: 18548.7869s
	iters: 700, epoch: 48 | loss: 0.1820999
	speed: 0.4524s/iter; left time: 18672.6878s
Epoch: 48 cost time: 361.86642360687256
[2024-12-06 18:34:06] [32mIntermediate result: 0.15044816  (Index 47)[0m
Epoch: 48, Steps: 792 | Train Loss: 0.1612386 Vali Loss: 0.1251193 Test Loss: 0.1504482
EarlyStopping counter: 2 out of 10
Updating learning rate to 0.00014376561544323014
	iters: 100, epoch: 49 | loss: 0.1571309
	speed: 1.5475s/iter; left time: 63579.5286s
	iters: 200, epoch: 49 | loss: 0.1708865
	speed: 0.4599s/iter; left time: 18847.1729s
	iters: 300, epoch: 49 | loss: 0.1623055
	speed: 0.4551s/iter; left time: 18608.5932s
	iters: 400, epoch: 49 | loss: 0.1584072
	speed: 0.4524s/iter; left time: 18451.0895s
	iters: 500, epoch: 49 | loss: 0.1616285
	speed: 0.4545s/iter; left time: 18489.7964s
	iters: 600, epoch: 49 | loss: 0.1507678
	speed: 0.4580s/iter; left time: 18588.5668s
	iters: 700, epoch: 49 | loss: 0.1767597
	speed: 0.4574s/iter; left time: 18516.1329s
Epoch: 49 cost time: 361.83033204078674
[2024-12-06 18:41:14] [32mIntermediate result: 0.14876415  (Index 48)[0m
Epoch: 49, Steps: 792 | Train Loss: 0.1609409 Vali Loss: 0.1226493 Test Loss: 0.1487641
EarlyStopping counter: 3 out of 10
Updating learning rate to 0.00014027205938624884
	iters: 100, epoch: 50 | loss: 0.1575860
	speed: 1.5394s/iter; left time: 62027.1897s
	iters: 200, epoch: 50 | loss: 0.1598471
	speed: 0.4601s/iter; left time: 18494.0983s
	iters: 300, epoch: 50 | loss: 0.1586330
	speed: 0.4658s/iter; left time: 18674.3832s
	iters: 400, epoch: 50 | loss: 0.1705032
	speed: 0.4626s/iter; left time: 18502.3227s
	iters: 500, epoch: 50 | loss: 0.1487814
	speed: 0.4595s/iter; left time: 18330.8545s
	iters: 600, epoch: 50 | loss: 0.1593745
	speed: 0.4652s/iter; left time: 18513.5389s
	iters: 700, epoch: 50 | loss: 0.1523428
	speed: 0.4671s/iter; left time: 18538.6330s
Epoch: 50 cost time: 366.96583676338196
[2024-12-06 18:48:27] [32mIntermediate result: 0.14831613  (Index 49)[0m
Epoch: 50, Steps: 792 | Train Loss: 0.1608682 Vali Loss: 0.1221508 Test Loss: 0.1483161
EarlyStopping counter: 4 out of 10
Updating learning rate to 0.00013671467952186027
	iters: 100, epoch: 51 | loss: 0.1510781
	speed: 1.5507s/iter; left time: 61254.2090s
	iters: 200, epoch: 51 | loss: 0.1571795
	speed: 0.4607s/iter; left time: 18153.5997s
	iters: 300, epoch: 51 | loss: 0.1649761
	speed: 0.4598s/iter; left time: 18070.4446s
	iters: 400, epoch: 51 | loss: 0.1597507
	speed: 0.4620s/iter; left time: 18111.6334s
	iters: 500, epoch: 51 | loss: 0.1671309
	speed: 0.4644s/iter; left time: 18156.7834s
	iters: 600, epoch: 51 | loss: 0.1655617
	speed: 0.4527s/iter; left time: 17653.9902s
	iters: 700, epoch: 51 | loss: 0.1667386
	speed: 0.4471s/iter; left time: 17393.5818s
Epoch: 51 cost time: 362.62299275398254
[2024-12-06 18:55:35] [32mIntermediate result: 0.1485801  (Index 50)[0m
Epoch: 51, Steps: 792 | Train Loss: 0.1604679 Vali Loss: 0.1226673 Test Loss: 0.1485801
EarlyStopping counter: 5 out of 10
Updating learning rate to 0.00013309896107197133
	iters: 100, epoch: 52 | loss: 0.1636785
	speed: 1.5427s/iter; left time: 59714.4929s
	iters: 200, epoch: 52 | loss: 0.1659318
	speed: 0.4582s/iter; left time: 17692.2462s
	iters: 300, epoch: 52 | loss: 0.1475977
	speed: 0.4541s/iter; left time: 17487.4865s
	iters: 400, epoch: 52 | loss: 0.1621976
	speed: 0.4605s/iter; left time: 17686.5624s
	iters: 500, epoch: 52 | loss: 0.1689106
	speed: 0.4629s/iter; left time: 17731.6499s
	iters: 600, epoch: 52 | loss: 0.1533319
	speed: 0.4615s/iter; left time: 17633.2829s
	iters: 700, epoch: 52 | loss: 0.1700751
	speed: 0.4616s/iter; left time: 17589.8624s
Epoch: 52 cost time: 364.92053604125977
[2024-12-06 19:02:46] [32mIntermediate result: 0.1496741  (Index 51)[0m
Epoch: 52, Steps: 792 | Train Loss: 0.1602492 Vali Loss: 0.1238171 Test Loss: 0.1496741
EarlyStopping counter: 6 out of 10
Updating learning rate to 0.00012943047921235926
	iters: 100, epoch: 53 | loss: 0.1489085
	speed: 1.5481s/iter; left time: 58700.2313s
	iters: 200, epoch: 53 | loss: 0.1536801
	speed: 0.4488s/iter; left time: 16972.2934s
	iters: 300, epoch: 53 | loss: 0.1600830
	speed: 0.4579s/iter; left time: 17272.1225s
	iters: 400, epoch: 53 | loss: 0.1691478
	speed: 0.4642s/iter; left time: 17463.1084s
	iters: 500, epoch: 53 | loss: 0.1668811
	speed: 0.4616s/iter; left time: 17318.8040s
	iters: 600, epoch: 53 | loss: 0.1493343
	speed: 0.4617s/iter; left time: 17276.3991s
	iters: 700, epoch: 53 | loss: 0.1496479
	speed: 0.4644s/iter; left time: 17330.7382s
Epoch: 53 cost time: 364.48293566703796
[2024-12-06 19:09:56] [32mIntermediate result: 0.14804752  (Index 52)[0m
Epoch: 53, Steps: 792 | Train Loss: 0.1600779 Vali Loss: 0.1223348 Test Loss: 0.1480475
EarlyStopping counter: 7 out of 10
Updating learning rate to 0.00012571489047615464
	iters: 100, epoch: 54 | loss: 0.1728662
	speed: 1.5482s/iter; left time: 57478.6342s
	iters: 200, epoch: 54 | loss: 0.1436466
	speed: 0.4517s/iter; left time: 16723.1327s
	iters: 300, epoch: 54 | loss: 0.1637989
	speed: 0.4641s/iter; left time: 17138.7137s
	iters: 400, epoch: 54 | loss: 0.1563524
	speed: 0.4646s/iter; left time: 17109.4132s
	iters: 500, epoch: 54 | loss: 0.1577715
	speed: 0.4604s/iter; left time: 16908.7371s
	iters: 600, epoch: 54 | loss: 0.1527822
	speed: 0.4628s/iter; left time: 16948.7240s
	iters: 700, epoch: 54 | loss: 0.1556625
	speed: 0.4559s/iter; left time: 16652.5552s
Epoch: 54 cost time: 365.192590713501
[2024-12-06 19:17:09] [32mIntermediate result: 0.14784649  (Index 53)[0m
Epoch: 54, Steps: 792 | Train Loss: 0.1598738 Vali Loss: 0.1216355 Test Loss: 0.1478465
Validation loss decreased (0.122123 --> 0.121636).  Saving model ...
Updating learning rate to 0.00012195792403187754
	iters: 100, epoch: 55 | loss: 0.1547256
	speed: 1.5719s/iter; left time: 57112.5135s
	iters: 200, epoch: 55 | loss: 0.1651397
	speed: 0.4592s/iter; left time: 16638.9108s
	iters: 300, epoch: 55 | loss: 0.1593439
	speed: 0.4601s/iter; left time: 16624.5690s
	iters: 400, epoch: 55 | loss: 0.1631297
	speed: 0.4648s/iter; left time: 16746.5401s
	iters: 500, epoch: 55 | loss: 0.1640384
	speed: 0.4670s/iter; left time: 16778.9671s
	iters: 600, epoch: 55 | loss: 0.1519589
	speed: 0.4674s/iter; left time: 16746.8937s
	iters: 700, epoch: 55 | loss: 0.1594166
	speed: 0.4629s/iter; left time: 16539.9491s
Epoch: 55 cost time: 367.4422814846039
[2024-12-06 19:24:23] [32mIntermediate result: 0.14752738  (Index 54)[0m
Epoch: 55, Steps: 792 | Train Loss: 0.1596791 Vali Loss: 0.1214210 Test Loss: 0.1475274
Validation loss decreased (0.121636 --> 0.121421).  Saving model ...
Updating learning rate to 0.0001181653728494746
	iters: 100, epoch: 56 | loss: 0.1505685
	speed: 1.5547s/iter; left time: 55256.6321s
	iters: 200, epoch: 56 | loss: 0.1530230
	speed: 0.4614s/iter; left time: 16352.5434s
	iters: 300, epoch: 56 | loss: 0.1599378
	speed: 0.4570s/iter; left time: 16150.8819s
	iters: 400, epoch: 56 | loss: 0.1594796
	speed: 0.4595s/iter; left time: 16194.1198s
	iters: 500, epoch: 56 | loss: 0.1594798
	speed: 0.4589s/iter; left time: 16125.3594s
	iters: 600, epoch: 56 | loss: 0.1592134
	speed: 0.4586s/iter; left time: 16068.9388s
	iters: 700, epoch: 56 | loss: 0.1704601
	speed: 0.4598s/iter; left time: 16064.4507s
Epoch: 56 cost time: 364.42822265625
[2024-12-06 19:31:34] [32mIntermediate result: 0.14813367  (Index 55)[0m
Epoch: 56, Steps: 792 | Train Loss: 0.1594408 Vali Loss: 0.1225246 Test Loss: 0.1481337
EarlyStopping counter: 1 out of 10
Updating learning rate to 0.00011434308476797957
	iters: 100, epoch: 57 | loss: 0.1469985
	speed: 1.5468s/iter; left time: 53750.1429s
	iters: 200, epoch: 57 | loss: 0.1559055
	speed: 0.4670s/iter; left time: 16180.4684s
	iters: 300, epoch: 57 | loss: 0.1541912
	speed: 0.4611s/iter; left time: 15929.3881s
	iters: 400, epoch: 57 | loss: 0.1658521
	speed: 0.4556s/iter; left time: 15695.2569s
	iters: 500, epoch: 57 | loss: 0.1613027
	speed: 0.4481s/iter; left time: 15390.4774s
	iters: 600, epoch: 57 | loss: 0.1575402
	speed: 0.4469s/iter; left time: 15305.6950s
	iters: 700, epoch: 57 | loss: 0.1604932
	speed: 0.4591s/iter; left time: 15678.9284s
Epoch: 57 cost time: 361.3850061893463
[2024-12-06 19:38:43] [32mIntermediate result: 0.1482437  (Index 56)[0m
Epoch: 57, Steps: 792 | Train Loss: 0.1592350 Vali Loss: 0.1227742 Test Loss: 0.1482437
EarlyStopping counter: 2 out of 10
Updating learning rate to 0.0001104969534785691
	iters: 100, epoch: 58 | loss: 0.1593372
	speed: 1.5520s/iter; left time: 52701.6618s
	iters: 200, epoch: 58 | loss: 0.1685887
	speed: 0.4636s/iter; left time: 15695.6308s
	iters: 300, epoch: 58 | loss: 0.1515800
	speed: 0.4582s/iter; left time: 15468.6084s
	iters: 400, epoch: 58 | loss: 0.1601025
	speed: 0.4561s/iter; left time: 15350.4228s
	iters: 500, epoch: 58 | loss: 0.1590149
	speed: 0.4567s/iter; left time: 15324.4766s
	iters: 600, epoch: 58 | loss: 0.1631945
	speed: 0.4626s/iter; left time: 15475.7942s
	iters: 700, epoch: 58 | loss: 0.1662605
	speed: 0.4638s/iter; left time: 15469.6735s
Epoch: 58 cost time: 365.07917404174805
[2024-12-06 19:45:53] [32mIntermediate result: 0.14807758  (Index 57)[0m
Epoch: 58, Steps: 792 | Train Loss: 0.1591516 Vali Loss: 0.1216543 Test Loss: 0.1480776
EarlyStopping counter: 3 out of 10
Updating learning rate to 0.00010663290943691827
	iters: 100, epoch: 59 | loss: 0.1469277
	speed: 1.5559s/iter; left time: 51601.2917s
	iters: 200, epoch: 59 | loss: 0.1526978
	speed: 0.4608s/iter; left time: 15236.8307s
	iters: 300, epoch: 59 | loss: 0.1644609
	speed: 0.4566s/iter; left time: 15053.3421s
	iters: 400, epoch: 59 | loss: 0.1630712
	speed: 0.4642s/iter; left time: 15254.5720s
	iters: 500, epoch: 59 | loss: 0.1633084
	speed: 0.4517s/iter; left time: 14800.7778s
	iters: 600, epoch: 59 | loss: 0.1522200
	speed: 0.4587s/iter; left time: 14982.8246s
	iters: 700, epoch: 59 | loss: 0.1597689
	speed: 0.4584s/iter; left time: 14927.2005s
Epoch: 59 cost time: 364.4282920360565
[2024-12-06 19:53:03] [32mIntermediate result: 0.14840332  (Index 58)[0m
Epoch: 59, Steps: 792 | Train Loss: 0.1588523 Vali Loss: 0.1225916 Test Loss: 0.1484033
EarlyStopping counter: 4 out of 10
Updating learning rate to 0.00010275691071886788
	iters: 100, epoch: 60 | loss: 0.1518606
	speed: 1.5408s/iter; left time: 49881.9104s
	iters: 200, epoch: 60 | loss: 0.1672179
	speed: 0.4575s/iter; left time: 14764.2602s
	iters: 300, epoch: 60 | loss: 0.1738072
	speed: 0.4591s/iter; left time: 14771.4138s
	iters: 400, epoch: 60 | loss: 0.1613954
	speed: 0.4633s/iter; left time: 14860.7398s
	iters: 500, epoch: 60 | loss: 0.1764265
	speed: 0.4597s/iter; left time: 14698.4739s
	iters: 600, epoch: 60 | loss: 0.1789764
	speed: 0.4491s/iter; left time: 14315.3436s
	iters: 700, epoch: 60 | loss: 0.1484391
	speed: 0.4593s/iter; left time: 14594.1333s
Epoch: 60 cost time: 363.0684816837311
[2024-12-06 20:00:13] [32mIntermediate result: 0.14815018  (Index 59)[0m
Epoch: 60, Steps: 792 | Train Loss: 0.1587134 Vali Loss: 0.1221172 Test Loss: 0.1481502
EarlyStopping counter: 5 out of 10
Updating learning rate to 9.887493383350312e-05
	iters: 100, epoch: 61 | loss: 0.1549378
	speed: 1.5550s/iter; left time: 49106.9517s
	iters: 200, epoch: 61 | loss: 0.1544490
	speed: 0.4589s/iter; left time: 14445.8052s
	iters: 300, epoch: 61 | loss: 0.1654646
	speed: 0.4583s/iter; left time: 14383.4139s
	iters: 400, epoch: 61 | loss: 0.1620108
	speed: 0.4656s/iter; left time: 14564.4180s
	iters: 500, epoch: 61 | loss: 0.1531638
	speed: 0.4574s/iter; left time: 14262.8435s
	iters: 600, epoch: 61 | loss: 0.1707157
	speed: 0.4666s/iter; left time: 14502.4617s
	iters: 700, epoch: 61 | loss: 0.1507726
	speed: 0.4601s/iter; left time: 14253.9563s
Epoch: 61 cost time: 365.34468817710876
[2024-12-06 20:07:26] [32mIntermediate result: 0.14832439  (Index 60)[0m
Epoch: 61, Steps: 792 | Train Loss: 0.1585743 Vali Loss: 0.1224896 Test Loss: 0.1483244
EarlyStopping counter: 6 out of 10
Updating learning rate to 9.499296450780998e-05
	iters: 100, epoch: 62 | loss: 0.1559265
	speed: 1.5542s/iter; left time: 47852.3438s
	iters: 200, epoch: 62 | loss: 0.1675481
	speed: 0.4575s/iter; left time: 14039.0292s
	iters: 300, epoch: 62 | loss: 0.1532601
	speed: 0.4583s/iter; left time: 14019.3542s
	iters: 400, epoch: 62 | loss: 0.1589299
	speed: 0.4554s/iter; left time: 13884.1482s
	iters: 500, epoch: 62 | loss: 0.1506541
	speed: 0.4576s/iter; left time: 13906.8384s
	iters: 600, epoch: 62 | loss: 0.1538408
	speed: 0.4579s/iter; left time: 13870.1158s
	iters: 700, epoch: 62 | loss: 0.1619518
	speed: 0.4522s/iter; left time: 13651.3162s
Epoch: 62 cost time: 362.17195105552673
[2024-12-06 20:14:35] [32mIntermediate result: 0.14754759  (Index 61)[0m
Epoch: 62, Steps: 792 | Train Loss: 0.1583980 Vali Loss: 0.1220757 Test Loss: 0.1475476
EarlyStopping counter: 7 out of 10
Updating learning rate to 9.111698845711783e-05
	iters: 100, epoch: 63 | loss: 0.1605869
	speed: 1.5512s/iter; left time: 46530.6765s
	iters: 200, epoch: 63 | loss: 0.1400755
	speed: 0.4581s/iter; left time: 13694.7421s
	iters: 300, epoch: 63 | loss: 0.1548470
	speed: 0.4581s/iter; left time: 13650.5036s
	iters: 400, epoch: 63 | loss: 0.1730299
	speed: 0.4599s/iter; left time: 13658.5394s
	iters: 500, epoch: 63 | loss: 0.1639663
	speed: 0.4549s/iter; left time: 13465.1348s
	iters: 600, epoch: 63 | loss: 0.1532582
	speed: 0.4558s/iter; left time: 13445.4939s
	iters: 700, epoch: 63 | loss: 0.1588920
	speed: 0.4564s/iter; left time: 13416.0101s
Epoch: 63 cost time: 362.881046295166
[2024-12-06 20:21:44] [32mIntermediate result: 0.14807746  (Index 62)[0m
Epoch: 63, Steps: 792 | Train Loss: 0.1583038 Vali Loss: 0.1220813 Test Loss: 0.1480775
EarlyStopping counter: 8 out of 10
Updating learning rate to 8.725298215556063e-05
	iters: 100, epoch: 64 | loss: 0.1573907
	speed: 1.5448s/iter; left time: 45114.6211s
	iters: 200, epoch: 64 | loss: 0.1461299
	speed: 0.4491s/iter; left time: 13071.0999s
	iters: 300, epoch: 64 | loss: 0.1491659
	speed: 0.4497s/iter; left time: 13043.8017s
	iters: 400, epoch: 64 | loss: 0.1647933
	speed: 0.4537s/iter; left time: 13115.3597s
	iters: 500, epoch: 64 | loss: 0.1572222
	speed: 0.4527s/iter; left time: 13041.0077s
	iters: 600, epoch: 64 | loss: 0.1537973
	speed: 0.4440s/iter; left time: 12744.7986s
	iters: 700, epoch: 64 | loss: 0.1656752
	speed: 0.4537s/iter; left time: 12977.4076s
Epoch: 64 cost time: 358.14958143234253
[2024-12-06 20:28:47] [32mIntermediate result: 0.14725818  (Index 63)[0m
Epoch: 64, Steps: 792 | Train Loss: 0.1581685 Vali Loss: 0.1213934 Test Loss: 0.1472582
Validation loss decreased (0.121421 --> 0.121393).  Saving model ...
Updating learning rate to 8.340690362078651e-05
	iters: 100, epoch: 65 | loss: 0.1528946
	speed: 1.5386s/iter; left time: 43715.3067s
	iters: 200, epoch: 65 | loss: 0.1455692
	speed: 0.4614s/iter; left time: 13062.7804s
	iters: 300, epoch: 65 | loss: 0.1593809
	speed: 0.4593s/iter; left time: 12958.4416s
	iters: 400, epoch: 65 | loss: 0.1587041
	speed: 0.4539s/iter; left time: 12761.3907s
	iters: 500, epoch: 65 | loss: 0.1474680
	speed: 0.4547s/iter; left time: 12736.8571s
	iters: 600, epoch: 65 | loss: 0.1620148
	speed: 0.4676s/iter; left time: 13051.0438s
	iters: 700, epoch: 65 | loss: 0.1571881
	speed: 0.4617s/iter; left time: 12840.8406s
Epoch: 65 cost time: 364.84659934043884
[2024-12-06 20:35:59] [32mIntermediate result: 0.1477886  (Index 64)[0m
Epoch: 65, Steps: 792 | Train Loss: 0.1579954 Vali Loss: 0.1219287 Test Loss: 0.1477886
EarlyStopping counter: 1 out of 10
Updating learning rate to 7.958468322712676e-05
	iters: 100, epoch: 66 | loss: 0.1542466
	speed: 1.5491s/iter; left time: 42787.4391s
	iters: 200, epoch: 66 | loss: 0.1626181
	speed: 0.4492s/iter; left time: 12361.5153s
	iters: 300, epoch: 66 | loss: 0.1485810
	speed: 0.4495s/iter; left time: 12326.5227s
	iters: 400, epoch: 66 | loss: 0.1680410
	speed: 0.4498s/iter; left time: 12289.9435s
	iters: 500, epoch: 66 | loss: 0.1714098
	speed: 0.4483s/iter; left time: 12203.2482s
	iters: 600, epoch: 66 | loss: 0.1496012
	speed: 0.4505s/iter; left time: 12216.9948s
	iters: 700, epoch: 66 | loss: 0.1538224
	speed: 0.4511s/iter; left time: 12188.4941s
Epoch: 66 cost time: 358.10582089424133
[2024-12-06 20:43:03] [32mIntermediate result: 0.1480749  (Index 65)[0m
Epoch: 66, Steps: 792 | Train Loss: 0.1578499 Vali Loss: 0.1226165 Test Loss: 0.1480749
EarlyStopping counter: 2 out of 10
Updating learning rate to 7.579221456138841e-05
	iters: 100, epoch: 67 | loss: 0.1531241
	speed: 1.5477s/iter; left time: 41521.9348s
	iters: 200, epoch: 67 | loss: 0.1501102
	speed: 0.4548s/iter; left time: 12156.5817s
	iters: 300, epoch: 67 | loss: 0.1611512
	speed: 0.4527s/iter; left time: 12055.3412s
	iters: 400, epoch: 67 | loss: 0.1536220
	speed: 0.4498s/iter; left time: 11933.5556s
	iters: 500, epoch: 67 | loss: 0.1562750
	speed: 0.4533s/iter; left time: 11980.7711s
	iters: 600, epoch: 67 | loss: 0.1515671
	speed: 0.4562s/iter; left time: 12011.9017s
	iters: 700, epoch: 67 | loss: 0.1698565
	speed: 0.4528s/iter; left time: 11875.9538s
Epoch: 67 cost time: 359.0714695453644
[2024-12-06 20:50:08] [32mIntermediate result: 0.14742897  (Index 66)[0m
Epoch: 67, Steps: 792 | Train Loss: 0.1577537 Vali Loss: 0.1214675 Test Loss: 0.1474290
EarlyStopping counter: 3 out of 10
Updating learning rate to 7.203534533537035e-05
	iters: 100, epoch: 68 | loss: 0.1482736
	speed: 1.5297s/iter; left time: 39828.1152s
	iters: 200, epoch: 68 | loss: 0.1522691
	speed: 0.4503s/iter; left time: 11679.3203s
	iters: 300, epoch: 68 | loss: 0.1534911
	speed: 0.4517s/iter; left time: 11671.3103s
	iters: 400, epoch: 68 | loss: 0.1555899
	speed: 0.4559s/iter; left time: 11733.3507s
	iters: 500, epoch: 68 | loss: 0.1647200
	speed: 0.4562s/iter; left time: 11694.3672s
	iters: 600, epoch: 68 | loss: 0.1681973
	speed: 0.4579s/iter; left time: 11692.1473s
	iters: 700, epoch: 68 | loss: 0.1597697
	speed: 0.4604s/iter; left time: 11711.3989s
Epoch: 68 cost time: 361.41622138023376
[2024-12-06 20:57:16] [32mIntermediate result: 0.14774814  (Index 67)[0m
Epoch: 68, Steps: 792 | Train Loss: 0.1576318 Vali Loss: 0.1217137 Test Loss: 0.1477481
EarlyStopping counter: 4 out of 10
Updating learning rate to 6.831986836911585e-05
	iters: 100, epoch: 69 | loss: 0.1607666
	speed: 1.5512s/iter; left time: 39160.0661s
	iters: 200, epoch: 69 | loss: 0.1700270
	speed: 0.4593s/iter; left time: 11548.7516s
	iters: 300, epoch: 69 | loss: 0.1603265
	speed: 0.4604s/iter; left time: 11530.8992s
	iters: 400, epoch: 69 | loss: 0.1673628
	speed: 0.4511s/iter; left time: 11252.8682s
	iters: 500, epoch: 69 | loss: 0.1465134
	speed: 0.4458s/iter; left time: 11075.3590s
	iters: 600, epoch: 69 | loss: 0.1547197
	speed: 0.4494s/iter; left time: 11120.7039s
	iters: 700, epoch: 69 | loss: 0.1556360
	speed: 0.4487s/iter; left time: 11058.3219s
Epoch: 69 cost time: 359.04971265792847
[2024-12-06 21:04:22] [32mIntermediate result: 0.14713322  (Index 68)[0m
Epoch: 69, Steps: 792 | Train Loss: 0.1575051 Vali Loss: 0.1217052 Test Loss: 0.1471332
EarlyStopping counter: 5 out of 10
Updating learning rate to 6.465151265880368e-05
	iters: 100, epoch: 70 | loss: 0.1535325
	speed: 1.5339s/iter; left time: 37508.1529s
	iters: 200, epoch: 70 | loss: 0.1475422
	speed: 0.4582s/iter; left time: 11157.8383s
	iters: 300, epoch: 70 | loss: 0.1485852
	speed: 0.4589s/iter; left time: 11129.7723s
	iters: 400, epoch: 70 | loss: 0.1546982
	speed: 0.4573s/iter; left time: 11045.6470s
	iters: 500, epoch: 70 | loss: 0.1576664
	speed: 0.4580s/iter; left time: 11015.5049s
	iters: 600, epoch: 70 | loss: 0.1533214
	speed: 0.4604s/iter; left time: 11027.2971s
	iters: 700, epoch: 70 | loss: 0.1563309
	speed: 0.4696s/iter; left time: 11201.2096s
Epoch: 70 cost time: 366.2473030090332
[2024-12-06 21:11:34] [32mIntermediate result: 0.14773045  (Index 69)[0m
Epoch: 70, Steps: 792 | Train Loss: 0.1573563 Vali Loss: 0.1215197 Test Loss: 0.1477305
EarlyStopping counter: 6 out of 10
Updating learning rate to 6.10359345430514e-05
	iters: 100, epoch: 71 | loss: 0.1607365
	speed: 1.5670s/iter; left time: 37076.4038s
	iters: 200, epoch: 71 | loss: 0.1544805
	speed: 0.4608s/iter; left time: 10857.5946s
	iters: 300, epoch: 71 | loss: 0.1583073
	speed: 0.4631s/iter; left time: 10864.7305s
	iters: 400, epoch: 71 | loss: 0.1583603
	speed: 0.4583s/iter; left time: 10706.4156s
	iters: 500, epoch: 71 | loss: 0.1575223
	speed: 0.4600s/iter; left time: 10699.1148s
	iters: 600, epoch: 71 | loss: 0.1728856
	speed: 0.4552s/iter; left time: 10541.9074s
	iters: 700, epoch: 71 | loss: 0.1663563
	speed: 0.4553s/iter; left time: 10499.7720s
Epoch: 71 cost time: 364.0488040447235
[2024-12-06 21:18:44] [32mIntermediate result: 0.14727663  (Index 70)[0m
Epoch: 71, Steps: 792 | Train Loss: 0.1572918 Vali Loss: 0.1216321 Test Loss: 0.1472766
EarlyStopping counter: 7 out of 10
Updating learning rate to 5.7478708981251224e-05
	iters: 100, epoch: 72 | loss: 0.1472959
	speed: 1.5494s/iter; left time: 35433.6162s
	iters: 200, epoch: 72 | loss: 0.1520357
	speed: 0.4614s/iter; left time: 10505.3533s
	iters: 300, epoch: 72 | loss: 0.1547703
	speed: 0.4619s/iter; left time: 10471.8475s
	iters: 400, epoch: 72 | loss: 0.1466674
	speed: 0.4595s/iter; left time: 10370.0003s
	iters: 500, epoch: 72 | loss: 0.1512666
	speed: 0.4593s/iter; left time: 10319.3792s
	iters: 600, epoch: 72 | loss: 0.1549684
	speed: 0.4589s/iter; left time: 10266.1682s
	iters: 700, epoch: 72 | loss: 0.1534409
	speed: 0.4585s/iter; left time: 10210.9742s
Epoch: 72 cost time: 364.7321650981903
[2024-12-06 21:25:55] [32mIntermediate result: 0.1477127  (Index 71)[0m
Epoch: 72, Steps: 792 | Train Loss: 0.1572121 Vali Loss: 0.1219695 Test Loss: 0.1477127
EarlyStopping counter: 8 out of 10
Updating learning rate to 5.3985320957386596e-05
	iters: 100, epoch: 73 | loss: 0.1539331
	speed: 1.5401s/iter; left time: 34001.5888s
	iters: 200, epoch: 73 | loss: 0.1738044
	speed: 0.4594s/iter; left time: 10096.2152s
	iters: 300, epoch: 73 | loss: 0.1600626
	speed: 0.4539s/iter; left time: 9930.0477s
	iters: 400, epoch: 73 | loss: 0.1493276
	speed: 0.4537s/iter; left time: 9879.9057s
	iters: 500, epoch: 73 | loss: 0.1538541
	speed: 0.4579s/iter; left time: 9925.8636s
	iters: 600, epoch: 73 | loss: 0.1427878
	speed: 0.4603s/iter; left time: 9932.6522s
	iters: 700, epoch: 73 | loss: 0.1514162
	speed: 0.4592s/iter; left time: 9863.2864s
Epoch: 73 cost time: 363.0828778743744
[2024-12-06 21:33:04] [32mIntermediate result: 0.1480471  (Index 72)[0m
Epoch: 73, Steps: 792 | Train Loss: 0.1570491 Vali Loss: 0.1223892 Test Loss: 0.1480471
EarlyStopping counter: 9 out of 10
Updating learning rate to 5.056115702258444e-05
	iters: 100, epoch: 74 | loss: 0.1672789
	speed: 1.5531s/iter; left time: 33057.0771s
	iters: 200, epoch: 74 | loss: 0.1603089
	speed: 0.4586s/iter; left time: 9715.2627s
	iters: 300, epoch: 74 | loss: 0.1747359
	speed: 0.4525s/iter; left time: 9541.7944s
	iters: 400, epoch: 74 | loss: 0.1660133
	speed: 0.4516s/iter; left time: 9476.9961s
	iters: 500, epoch: 74 | loss: 0.1665781
	speed: 0.4520s/iter; left time: 9439.7504s
	iters: 600, epoch: 74 | loss: 0.1544727
	speed: 0.4531s/iter; left time: 9417.9501s
	iters: 700, epoch: 74 | loss: 0.1495337
	speed: 0.4558s/iter; left time: 9428.0590s
Epoch: 74 cost time: 360.40804648399353
[2024-12-06 21:40:11] [32mIntermediate result: 0.14782421  (Index 73)[0m
Epoch: 74, Steps: 792 | Train Loss: 0.1570039 Vali Loss: 0.1216904 Test Loss: 0.1478242
EarlyStopping counter: 10 out of 10
Early stopping
>>>>>>>testing : 36_1_1_96_96_MGSformer_TST_custom_ftM_sl96_ll18_pl96_dm180_nh20_el2_dl1_df204_fc1_ebtimeF_dtTrue_Exp_0<<<<<<<<<<<<<<<<<<<<<<<<<<<<<<<<<
test 5165
mse:0.14725762605667114, mae:0.24493589997291565, rse:0.3814980983734131
[2024-12-06 21:41:04] [32mFinal result: 0.14725763[0m
